[0.028s] Invoking command in '/home/hehe/Documents/GitHub/swarm_robots/simulation_ws/src/build/cartographer': CMAKE_PREFIX_PATH=${CMAKE_PREFIX_PATH}:/opt/ros/humble /usr/bin/cmake /home/hehe/Documents/GitHub/swarm_robots/simulation_ws/src/cartographer -DCMAKE_INSTALL_PREFIX=/home/hehe/Documents/GitHub/swarm_robots/simulation_ws/src/install/cartographer
[0.230s] -- The C compiler identification is GNU 11.4.0
[0.352s] -- The CXX compiler identification is GNU 11.4.0
[0.369s] -- Detecting C compiler ABI info
[0.474s] -- Detecting C compiler ABI info - done
[0.485s] -- Check for working C compiler: /usr/bin/cc - skipped
[0.485s] -- Detecting C compile features
[0.486s] -- Detecting C compile features - done
[0.492s] -- Detecting CXX compiler ABI info
[0.612s] -- Detecting CXX compiler ABI info - done
[0.621s] -- Check for working CXX compiler: /usr/bin/c++ - skipped
[0.622s] -- Detecting CXX compile features
[0.622s] -- Detecting CXX compile features - done
[0.634s] -- Found ament_cmake: 1.3.11 (/opt/ros/humble/share/ament_cmake/cmake)
[0.862s] -- Found Python3: /usr/bin/python3 (found version "3.10.12") found components: Interpreter 
[1.016s] -- Found rclcpp: 16.0.12 (/opt/ros/humble/share/rclcpp/cmake)
[1.096s] -- Found rosidl_generator_c: 3.1.6 (/opt/ros/humble/share/rosidl_generator_c/cmake)
[1.105s] -- Found rosidl_adapter: 3.1.6 (/opt/ros/humble/share/rosidl_adapter/cmake)
[1.122s] -- Found rosidl_generator_cpp: 3.1.6 (/opt/ros/humble/share/rosidl_generator_cpp/cmake)
[1.147s] -- Using all available rosidl_typesupport_c: rosidl_typesupport_fastrtps_c;rosidl_typesupport_introspection_c
[1.178s] -- Using all available rosidl_typesupport_cpp: rosidl_typesupport_fastrtps_cpp;rosidl_typesupport_introspection_cpp
[1.260s] -- Found rmw_implementation_cmake: 6.1.2 (/opt/ros/humble/share/rmw_implementation_cmake/cmake)
[1.265s] -- Found rmw_fastrtps_cpp: 6.2.7 (/opt/ros/humble/share/rmw_fastrtps_cpp/cmake)
[1.400s] -- Found OpenSSL: /usr/lib/x86_64-linux-gnu/libcrypto.so (found version "3.0.2")  
[1.438s] -- Found FastRTPS: /opt/ros/humble/include  
[1.495s] -- Using RMW implementation 'rmw_fastrtps_cpp' as default
[1.510s] -- Looking for pthread.h
[1.614s] -- Looking for pthread.h - found
[1.614s] -- Performing Test CMAKE_HAVE_LIBC_PTHREAD
[1.706s] -- Performing Test CMAKE_HAVE_LIBC_PTHREAD - Success
[1.708s] -- Found Threads: TRUE  
[1.799s] -- Found sensor_msgs: 4.9.0 (/opt/ros/humble/share/sensor_msgs/cmake)
[1.856s] -- Found nav_msgs: 4.9.0 (/opt/ros/humble/share/nav_msgs/cmake)
[1.885s] -- Found tf2_ros: 0.25.13 (/opt/ros/humble/share/tf2_ros/cmake)
[2.049s] -- Found ament_lint_auto: 0.12.12 (/opt/ros/humble/share/ament_lint_auto/cmake)
[2.053s] -- Found cartographer_ros: 2.0.9002 (/opt/ros/humble/share/cartographer_ros/cmake)
[2.148s] -- Checking for module 'eigen3'
[2.169s] --   Found eigen3, version 3.4.0
[2.224s] -- Found Eigen: /usr/include/eigen3 (Required is at least version "3.1") 
[2.224s] -- Eigen found (include: /usr/include/eigen3, version: 3.4.0)
[2.282s] -- Checking for module 'flann'
[2.306s] --   Found flann, version 1.9.1
[2.376s] -- Found FLANN: /usr/lib/x86_64-linux-gnu/libflann_cpp.so  
[2.376s] -- FLANN found (include: /usr/include, lib: /usr/lib/x86_64-linux-gnu/libflann_cpp.so)
[3.752s] -- Checking for module 'libusb-1.0'
[3.774s] --   Found libusb-1.0, version 1.0.25
[3.835s] -- Found libusb: /usr/lib/x86_64-linux-gnu/libusb-1.0.so  
[3.837s] -- OpenNI found (version: 1.5.4.0, include: /usr/include/ni, lib: /usr/lib/libOpenNI.so;libusb::libusb)
[3.932s] -- OpenNI2 found (version: 2.2.0.33, include: /usr/include/openni2, lib: /usr/lib/x86_64-linux-gnu/libOpenNI2.so;libusb::libusb)
[4.169s] -- Eigen found (include: /usr/include/eigen3, version: 3.4.0)
[4.179s] -- OpenNI found (version: 1.5.4.0, include: /usr/include/ni, lib: /usr/lib/libOpenNI.so;libusb::libusb)
[4.189s] -- OpenNI2 found (version: 2.2.0.33, include: /usr/include/openni2, lib: /usr/lib/x86_64-linux-gnu/libOpenNI2.so;libusb::libusb)
[4.409s] -- Found Qhull version 8.0.2
[4.623s] -- OpenNI found (version: 1.5.4.0, include: /usr/include/ni, lib: /usr/lib/libOpenNI.so;libusb::libusb)
[4.833s] -- Found PCL_COMMON: /usr/lib/x86_64-linux-gnu/libpcl_common.so  
[4.834s] -- Found PCL_KDTREE: /usr/lib/x86_64-linux-gnu/libpcl_kdtree.so  
[4.836s] -- Found PCL_OCTREE: /usr/lib/x86_64-linux-gnu/libpcl_octree.so  
[4.837s] -- Found PCL_SEARCH: /usr/lib/x86_64-linux-gnu/libpcl_search.so  
[4.838s] -- Found PCL_SAMPLE_CONSENSUS: /usr/lib/x86_64-linux-gnu/libpcl_sample_consensus.so  
[4.840s] -- Found PCL_FILTERS: /usr/lib/x86_64-linux-gnu/libpcl_filters.so  
[4.840s] -- Found PCL_2D: /usr/include/pcl-1.12  
[4.841s] -- Found PCL_GEOMETRY: /usr/include/pcl-1.12  
[4.842s] -- Found PCL_IO: /usr/lib/x86_64-linux-gnu/libpcl_io.so  
[4.844s] -- Found PCL_FEATURES: /usr/lib/x86_64-linux-gnu/libpcl_features.so  
[4.845s] -- Found PCL_ML: /usr/lib/x86_64-linux-gnu/libpcl_ml.so  
[4.847s] -- Found PCL_SEGMENTATION: /usr/lib/x86_64-linux-gnu/libpcl_segmentation.so  
[4.849s] -- Found PCL_VISUALIZATION: /usr/lib/x86_64-linux-gnu/libpcl_visualization.so  
[4.850s] -- Found PCL_SURFACE: /usr/lib/x86_64-linux-gnu/libpcl_surface.so  
[4.852s] -- Found PCL_REGISTRATION: /usr/lib/x86_64-linux-gnu/libpcl_registration.so  
[4.853s] -- Found PCL_KEYPOINTS: /usr/lib/x86_64-linux-gnu/libpcl_keypoints.so  
[4.855s] -- Found PCL_TRACKING: /usr/lib/x86_64-linux-gnu/libpcl_tracking.so  
[4.857s] -- Found PCL_RECOGNITION: /usr/lib/x86_64-linux-gnu/libpcl_recognition.so  
[4.858s] -- Found PCL_STEREO: /usr/lib/x86_64-linux-gnu/libpcl_stereo.so  
[4.860s] -- Found PCL_APPS: /usr/lib/x86_64-linux-gnu/libpcl_apps.so  
[4.861s] -- Found PCL_IN_HAND_SCANNER: /usr/include/pcl-1.12  
[4.861s] -- Found PCL_MODELER: /usr/include/pcl-1.12  
[4.862s] -- Found PCL_POINT_CLOUD_EDITOR: /usr/include/pcl-1.12  
[4.864s] -- Found PCL_OUTOFCORE: /usr/lib/x86_64-linux-gnu/libpcl_outofcore.so  
[4.865s] -- Found PCL_PEOPLE: /usr/lib/x86_64-linux-gnu/libpcl_people.so  
[5.106s] -- Added test 'flake8' to check Python code syntax and style conventions
[5.108s] -- Added test 'lint_cmake' to check CMake code style
[5.109s] -- Added test 'pep257' to check Python code against some of the docstring style conventions in PEP 257
[5.110s] -- Added test 'xmllint' to check XML markup files
[5.113s] -- Configuring done
[5.122s] -- Generating done
[5.127s] -- Build files have been written to: /home/hehe/Documents/GitHub/swarm_robots/simulation_ws/src/build/cartographer
[5.151s] Invoked command in '/home/hehe/Documents/GitHub/swarm_robots/simulation_ws/src/build/cartographer' returned '0': CMAKE_PREFIX_PATH=${CMAKE_PREFIX_PATH}:/opt/ros/humble /usr/bin/cmake /home/hehe/Documents/GitHub/swarm_robots/simulation_ws/src/cartographer -DCMAKE_INSTALL_PREFIX=/home/hehe/Documents/GitHub/swarm_robots/simulation_ws/src/install/cartographer
[5.154s] Invoking command in '/home/hehe/Documents/GitHub/swarm_robots/simulation_ws/src/build/cartographer': CMAKE_PREFIX_PATH=${CMAKE_PREFIX_PATH}:/opt/ros/humble /usr/bin/cmake --build /home/hehe/Documents/GitHub/swarm_robots/simulation_ws/src/build/cartographer -- -j6 -l6
[5.236s] Invoked command in '/home/hehe/Documents/GitHub/swarm_robots/simulation_ws/src/build/cartographer' returned '0': CMAKE_PREFIX_PATH=${CMAKE_PREFIX_PATH}:/opt/ros/humble /usr/bin/cmake --build /home/hehe/Documents/GitHub/swarm_robots/simulation_ws/src/build/cartographer -- -j6 -l6
[5.239s] Invoking command in '/home/hehe/Documents/GitHub/swarm_robots/simulation_ws/src/build/cartographer': CMAKE_PREFIX_PATH=${CMAKE_PREFIX_PATH}:/opt/ros/humble /usr/bin/cmake --install /home/hehe/Documents/GitHub/swarm_robots/simulation_ws/src/build/cartographer
[5.248s] -- Install configuration: ""
[5.248s] -- Installing: /home/hehe/Documents/GitHub/swarm_robots/simulation_ws/src/install/cartographer/share/cartographer/config
[5.248s] -- Installing: /home/hehe/Documents/GitHub/swarm_robots/simulation_ws/src/install/cartographer/share/cartographer/config/cartographer_config.lua
[5.248s] -- Installing: /home/hehe/Documents/GitHub/swarm_robots/simulation_ws/src/install/cartographer/share/cartographer/launch
[5.249s] -- Installing: /home/hehe/Documents/GitHub/swarm_robots/simulation_ws/src/install/cartographer/share/cartographer/launch/occupancy_grid.launch.py
[5.249s] -- Installing: /home/hehe/Documents/GitHub/swarm_robots/simulation_ws/src/install/cartographer/share/cartographer/launch/cartographer.launch.py
[5.252s] -- Installing: /home/hehe/Documents/GitHub/swarm_robots/simulation_ws/src/install/cartographer/share/cartographer/rviz
[5.252s] -- Installing: /home/hehe/Documents/GitHub/swarm_robots/simulation_ws/src/install/cartographer/share/cartographer/rviz/cartographer.rviz
[5.252s] -- Installing: /home/hehe/Documents/GitHub/swarm_robots/simulation_ws/src/install/cartographer/share/ament_index/resource_index/package_run_dependencies/cartographer
[5.252s] -- Installing: /home/hehe/Documents/GitHub/swarm_robots/simulation_ws/src/install/cartographer/share/ament_index/resource_index/parent_prefix_path/cartographer
[5.253s] -- Installing: /home/hehe/Documents/GitHub/swarm_robots/simulation_ws/src/install/cartographer/share/cartographer/environment/ament_prefix_path.sh
[5.253s] -- Installing: /home/hehe/Documents/GitHub/swarm_robots/simulation_ws/src/install/cartographer/share/cartographer/environment/ament_prefix_path.dsv
[5.253s] -- Installing: /home/hehe/Documents/GitHub/swarm_robots/simulation_ws/src/install/cartographer/share/cartographer/environment/path.sh
[5.253s] -- Installing: /home/hehe/Documents/GitHub/swarm_robots/simulation_ws/src/install/cartographer/share/cartographer/environment/path.dsv
[5.253s] -- Installing: /home/hehe/Documents/GitHub/swarm_robots/simulation_ws/src/install/cartographer/share/cartographer/local_setup.bash
[5.253s] -- Installing: /home/hehe/Documents/GitHub/swarm_robots/simulation_ws/src/install/cartographer/share/cartographer/local_setup.sh
[5.253s] -- Installing: /home/hehe/Documents/GitHub/swarm_robots/simulation_ws/src/install/cartographer/share/cartographer/local_setup.zsh
[5.254s] -- Installing: /home/hehe/Documents/GitHub/swarm_robots/simulation_ws/src/install/cartographer/share/cartographer/local_setup.dsv
[5.254s] -- Installing: /home/hehe/Documents/GitHub/swarm_robots/simulation_ws/src/install/cartographer/share/cartographer/package.dsv
[5.254s] -- Installing: /home/hehe/Documents/GitHub/swarm_robots/simulation_ws/src/install/cartographer/share/ament_index/resource_index/packages/cartographer
[5.254s] -- Installing: /home/hehe/Documents/GitHub/swarm_robots/simulation_ws/src/install/cartographer/share/cartographer/cmake/cartographerConfig.cmake
[5.254s] -- Installing: /home/hehe/Documents/GitHub/swarm_robots/simulation_ws/src/install/cartographer/share/cartographer/cmake/cartographerConfig-version.cmake
[5.254s] -- Installing: /home/hehe/Documents/GitHub/swarm_robots/simulation_ws/src/install/cartographer/share/cartographer/package.xml
[5.257s] Invoked command in '/home/hehe/Documents/GitHub/swarm_robots/simulation_ws/src/build/cartographer' returned '0': CMAKE_PREFIX_PATH=${CMAKE_PREFIX_PATH}:/opt/ros/humble /usr/bin/cmake --install /home/hehe/Documents/GitHub/swarm_robots/simulation_ws/src/build/cartographer
