[1.006s] DEBUG:colcon:Command line arguments: ['/usr/bin/colcon', 'build', '--packages-select', 'control']
[1.007s] DEBUG:colcon:Parsed command line arguments: Namespace(log_base=None, log_level=None, verb_name='build', build_base='build', install_base='install', merge_install=False, symlink_install=False, test_result_base=None, continue_on_error=False, executor='parallel', parallel_workers=4, event_handlers=None, ignore_user_meta=False, metas=['./colcon.meta'], base_paths=['.'], packages_ignore=None, packages_ignore_regex=None, paths=None, packages_up_to=None, packages_up_to_regex=None, packages_above=None, packages_above_and_dependencies=None, packages_above_depth=None, packages_select_by_dep=None, packages_skip_by_dep=None, packages_skip_up_to=None, packages_select_build_failed=False, packages_skip_build_finished=False, packages_select_test_failures=False, packages_skip_test_passed=False, packages_select=['control'], packages_skip=None, packages_select_regex=None, packages_skip_regex=None, packages_start=None, packages_end=None, allow_overriding=[], cmake_args=None, cmake_target=None, cmake_target_skip_unavailable=False, cmake_clean_cache=False, cmake_clean_first=False, cmake_force_configure=False, ament_cmake_args=None, catkin_cmake_args=None, catkin_skip_building_tests=False, mixin_files=None, mixin=None, verb_parser=<colcon_mixin.mixin.mixin_argument.MixinArgumentDecorator object at 0xffff965c2020>, verb_extension=<colcon_core.verb.build.BuildVerb object at 0xffff9678afb0>, main=<bound method BuildVerb.main of <colcon_core.verb.build.BuildVerb object at 0xffff9678afb0>>, mixin_verb=('build',))
[2.588s] Level 1:colcon.colcon_core.package_discovery:discover_packages(colcon_meta) check parameters
[2.588s] Level 1:colcon.colcon_core.package_discovery:discover_packages(recursive) check parameters
[2.589s] Level 1:colcon.colcon_core.package_discovery:discover_packages(ignore) check parameters
[2.589s] Level 1:colcon.colcon_core.package_discovery:discover_packages(path) check parameters
[2.589s] Level 1:colcon.colcon_core.package_discovery:discover_packages(colcon_meta) discover
[2.589s] Level 1:colcon.colcon_core.package_discovery:discover_packages(recursive) discover
[2.590s] INFO:colcon.colcon_core.package_discovery:Crawling recursively for packages in '/home/rasp4/swarm_robots/algorithm/src/control'
[2.591s] Level 1:colcon.colcon_core.package_identification:_identify(.) by extensions ['ignore', 'ignore_ament_install']
[2.593s] Level 1:colcon.colcon_core.package_identification:_identify(.) by extension 'ignore'
[2.594s] Level 1:colcon.colcon_core.package_identification:_identify(.) by extension 'ignore_ament_install'
[2.596s] Level 1:colcon.colcon_core.package_identification:_identify(.) by extensions ['colcon_pkg']
[2.597s] Level 1:colcon.colcon_core.package_identification:_identify(.) by extension 'colcon_pkg'
[2.597s] Level 1:colcon.colcon_core.package_identification:_identify(.) by extensions ['colcon_meta']
[2.597s] Level 1:colcon.colcon_core.package_identification:_identify(.) by extension 'colcon_meta'
[2.598s] Level 1:colcon.colcon_core.package_identification:_identify(.) by extensions ['ros']
[2.598s] Level 1:colcon.colcon_core.package_identification:_identify(.) by extension 'ros'
[2.705s] DEBUG:colcon.colcon_core.package_identification:Package '.' with type 'ros.ament_python' and name 'control'
[2.706s] Level 1:colcon.colcon_core.package_discovery:discover_packages(recursive) using defaults
[2.707s] Level 1:colcon.colcon_core.package_discovery:discover_packages(ignore) discover
[2.707s] Level 1:colcon.colcon_core.package_discovery:discover_packages(ignore) using defaults
[2.707s] Level 1:colcon.colcon_core.package_discovery:discover_packages(path) discover
[2.708s] Level 1:colcon.colcon_core.package_discovery:discover_packages(path) using defaults
[2.917s] Level 1:colcon.colcon_core.package_discovery:discover_packages(prefix_path) check parameters
[2.917s] Level 1:colcon.colcon_core.package_discovery:discover_packages(prefix_path) discover
[2.941s] DEBUG:colcon.colcon_installed_package_information.package_discovery:Found 360 installed packages in /opt/ros/humble
[2.951s] Level 1:colcon.colcon_core.package_discovery:discover_packages(prefix_path) using defaults
[3.304s] Level 5:colcon.colcon_core.verb:set package 'control' build argument 'cmake_args' from command line to 'None'
[3.304s] Level 5:colcon.colcon_core.verb:set package 'control' build argument 'cmake_target' from command line to 'None'
[3.304s] Level 5:colcon.colcon_core.verb:set package 'control' build argument 'cmake_target_skip_unavailable' from command line to 'False'
[3.304s] Level 5:colcon.colcon_core.verb:set package 'control' build argument 'cmake_clean_cache' from command line to 'False'
[3.304s] Level 5:colcon.colcon_core.verb:set package 'control' build argument 'cmake_clean_first' from command line to 'False'
[3.304s] Level 5:colcon.colcon_core.verb:set package 'control' build argument 'cmake_force_configure' from command line to 'False'
[3.304s] Level 5:colcon.colcon_core.verb:set package 'control' build argument 'ament_cmake_args' from command line to 'None'
[3.305s] Level 5:colcon.colcon_core.verb:set package 'control' build argument 'catkin_cmake_args' from command line to 'None'
[3.305s] Level 5:colcon.colcon_core.verb:set package 'control' build argument 'catkin_skip_building_tests' from command line to 'False'
[3.305s] DEBUG:colcon.colcon_core.verb:Building package 'control' with the following arguments: {'ament_cmake_args': None, 'build_base': '/home/rasp4/swarm_robots/algorithm/src/control/build/control', 'catkin_cmake_args': None, 'catkin_skip_building_tests': False, 'cmake_args': None, 'cmake_clean_cache': False, 'cmake_clean_first': False, 'cmake_force_configure': False, 'cmake_target': None, 'cmake_target_skip_unavailable': False, 'install_base': '/home/rasp4/swarm_robots/algorithm/src/control/install/control', 'merge_install': False, 'path': '/home/rasp4/swarm_robots/algorithm/src/control', 'symlink_install': False, 'test_result_base': None}
[3.305s] INFO:colcon.colcon_core.executor:Executing jobs using 'parallel' executor
[3.314s] DEBUG:colcon.colcon_parallel_executor.executor.parallel:run_until_complete
[3.315s] INFO:colcon.colcon_ros.task.ament_python.build:Building ROS package in '/home/rasp4/swarm_robots/algorithm/src/control' with build type 'ament_python'
[3.317s] Level 1:colcon.colcon_core.shell:create_environment_hook('control', 'ament_prefix_path')
[3.330s] INFO:colcon.colcon_core.plugin_system:Skipping extension 'colcon_core.shell.bat': Not used on non-Windows systems
[3.332s] INFO:colcon.colcon_core.shell:Creating environment hook '/home/rasp4/swarm_robots/algorithm/src/control/install/control/share/control/hook/ament_prefix_path.ps1'
[3.338s] INFO:colcon.colcon_core.shell:Creating environment descriptor '/home/rasp4/swarm_robots/algorithm/src/control/install/control/share/control/hook/ament_prefix_path.dsv'
[3.342s] INFO:colcon.colcon_core.shell:Creating environment hook '/home/rasp4/swarm_robots/algorithm/src/control/install/control/share/control/hook/ament_prefix_path.sh'
[3.351s] INFO:colcon.colcon_core.shell:Skip shell extension 'powershell' for command environment: Not usable outside of PowerShell
[3.351s] DEBUG:colcon.colcon_core.shell:Skip shell extension 'dsv' for command environment
[5.924s] INFO:colcon.colcon_core.task.python.build:Building Python package in '/home/rasp4/swarm_robots/algorithm/src/control'
[5.928s] INFO:colcon.colcon_core.shell:Skip shell extension 'powershell' for command environment: Not usable outside of PowerShell
[5.930s] DEBUG:colcon.colcon_core.shell:Skip shell extension 'dsv' for command environment
[9.237s] DEBUG:colcon.colcon_core.event_handler.log_command:Invoking command in '/home/rasp4/swarm_robots/algorithm/src/control': PYTHONPATH=/home/rasp4/swarm_robots/algorithm/src/control/build/control/prefix_override:/usr/lib/python3/dist-packages/colcon_core/task/python/colcon_distutils_commands:/home/rasp4/swarm_robots/algorithm/src/control/install/control/lib/python3.10/site-packages:${PYTHONPATH} /usr/bin/python3 -W ignore:setup.py install is deprecated -W ignore:easy_install command is deprecated setup.py egg_info --egg-base build/control build --build-base /home/rasp4/swarm_robots/algorithm/src/control/build/control/build install --record /home/rasp4/swarm_robots/algorithm/src/control/build/control/install.log --install-scripts $base/lib/control --single-version-externally-managed install_data
[11.853s] DEBUG:colcon.colcon_core.event_handler.log_command:Invoked command in '/home/rasp4/swarm_robots/algorithm/src/control' returned '0': PYTHONPATH=/home/rasp4/swarm_robots/algorithm/src/control/build/control/prefix_override:/usr/lib/python3/dist-packages/colcon_core/task/python/colcon_distutils_commands:/home/rasp4/swarm_robots/algorithm/src/control/install/control/lib/python3.10/site-packages:${PYTHONPATH} /usr/bin/python3 -W ignore:setup.py install is deprecated -W ignore:easy_install command is deprecated setup.py egg_info --egg-base build/control build --build-base /home/rasp4/swarm_robots/algorithm/src/control/build/control/build install --record /home/rasp4/swarm_robots/algorithm/src/control/build/control/install.log --install-scripts $base/lib/control --single-version-externally-managed install_data
[11.883s] Level 1:colcon.colcon_core.environment:checking '/home/rasp4/swarm_robots/algorithm/src/control/install/control' for CMake module files
[11.887s] Level 1:colcon.colcon_core.environment:checking '/home/rasp4/swarm_robots/algorithm/src/control/install/control' for CMake config files
[11.893s] Level 1:colcon.colcon_core.environment:checking '/home/rasp4/swarm_robots/algorithm/src/control/install/control/lib'
[11.896s] Level 1:colcon.colcon_core.environment:checking '/home/rasp4/swarm_robots/algorithm/src/control/install/control/bin'
[11.897s] Level 1:colcon.colcon_core.environment:checking '/home/rasp4/swarm_robots/algorithm/src/control/install/control/lib/pkgconfig/control.pc'
[11.900s] Level 1:colcon.colcon_core.environment:checking '/home/rasp4/swarm_robots/algorithm/src/control/install/control/lib/python3.10/site-packages'
[11.902s] Level 1:colcon.colcon_core.shell:create_environment_hook('control', 'pythonpath')
[11.903s] INFO:colcon.colcon_core.shell:Creating environment hook '/home/rasp4/swarm_robots/algorithm/src/control/install/control/share/control/hook/pythonpath.ps1'
[11.905s] INFO:colcon.colcon_core.shell:Creating environment descriptor '/home/rasp4/swarm_robots/algorithm/src/control/install/control/share/control/hook/pythonpath.dsv'
[11.910s] INFO:colcon.colcon_core.shell:Creating environment hook '/home/rasp4/swarm_robots/algorithm/src/control/install/control/share/control/hook/pythonpath.sh'
[11.917s] Level 1:colcon.colcon_core.environment:checking '/home/rasp4/swarm_robots/algorithm/src/control/install/control/bin'
[11.918s] Level 1:colcon.colcon_core.environment:create_environment_scripts_only(control)
[11.922s] INFO:colcon.colcon_core.shell:Creating package script '/home/rasp4/swarm_robots/algorithm/src/control/install/control/share/control/package.ps1'
[11.930s] INFO:colcon.colcon_core.shell:Creating package descriptor '/home/rasp4/swarm_robots/algorithm/src/control/install/control/share/control/package.dsv'
[11.935s] INFO:colcon.colcon_core.shell:Creating package script '/home/rasp4/swarm_robots/algorithm/src/control/install/control/share/control/package.sh'
[11.940s] INFO:colcon.colcon_core.shell:Creating package script '/home/rasp4/swarm_robots/algorithm/src/control/install/control/share/control/package.bash'
[11.948s] INFO:colcon.colcon_core.shell:Creating package script '/home/rasp4/swarm_robots/algorithm/src/control/install/control/share/control/package.zsh'
[11.955s] Level 1:colcon.colcon_core.environment:create_file_with_runtime_dependencies(/home/rasp4/swarm_robots/algorithm/src/control/install/control/share/colcon-core/packages/control)
[11.959s] DEBUG:colcon.colcon_parallel_executor.executor.parallel:closing loop
[11.966s] DEBUG:colcon.colcon_parallel_executor.executor.parallel:loop closed
[11.967s] DEBUG:colcon.colcon_parallel_executor.executor.parallel:run_until_complete finished with '0'
[11.968s] DEBUG:colcon.colcon_core.event_reactor:joining thread
[12.013s] INFO:colcon.colcon_core.plugin_system:Skipping extension 'colcon_notification.desktop_notification.terminal_notifier': Not used on non-Darwin systems
[12.015s] INFO:colcon.colcon_core.plugin_system:Skipping extension 'colcon_notification.desktop_notification.win32': Not used on non-Windows systems
[12.015s] INFO:colcon.colcon_notification.desktop_notification:Sending desktop notification using 'notify2'
[13.116s] DEBUG:colcon.colcon_core.event_reactor:joined thread
[13.118s] INFO:colcon.colcon_core.shell:Creating prefix script '/home/rasp4/swarm_robots/algorithm/src/control/install/local_setup.ps1'
[13.133s] INFO:colcon.colcon_core.shell:Creating prefix util module '/home/rasp4/swarm_robots/algorithm/src/control/install/_local_setup_util_ps1.py'
[13.150s] INFO:colcon.colcon_core.shell:Creating prefix chain script '/home/rasp4/swarm_robots/algorithm/src/control/install/setup.ps1'
[13.156s] INFO:colcon.colcon_core.shell:Creating prefix script '/home/rasp4/swarm_robots/algorithm/src/control/install/local_setup.sh'
[13.161s] INFO:colcon.colcon_core.shell:Creating prefix util module '/home/rasp4/swarm_robots/algorithm/src/control/install/_local_setup_util_sh.py'
[13.167s] INFO:colcon.colcon_core.shell:Creating prefix chain script '/home/rasp4/swarm_robots/algorithm/src/control/install/setup.sh'
[13.176s] INFO:colcon.colcon_core.shell:Creating prefix script '/home/rasp4/swarm_robots/algorithm/src/control/install/local_setup.bash'
[13.180s] INFO:colcon.colcon_core.shell:Creating prefix chain script '/home/rasp4/swarm_robots/algorithm/src/control/install/setup.bash'
[13.188s] INFO:colcon.colcon_core.shell:Creating prefix script '/home/rasp4/swarm_robots/algorithm/src/control/install/local_setup.zsh'
[13.192s] INFO:colcon.colcon_core.shell:Creating prefix chain script '/home/rasp4/swarm_robots/algorithm/src/control/install/setup.zsh'
