[0.026s] Invoking command in '/home/hehe/Documents/GitHub/swarm_robots/simulation_ws/src/build/nav2_course': CMAKE_PREFIX_PATH=${CMAKE_PREFIX_PATH}:/opt/ros/humble /usr/bin/cmake /home/hehe/Documents/GitHub/swarm_robots/simulation_ws/src/ros2_nav_files/nav2_course -DCMAKE_INSTALL_PREFIX=/home/hehe/Documents/GitHub/swarm_robots/simulation_ws/src/install/nav2_course
[0.221s] -- The C compiler identification is GNU 11.4.0
[0.342s] -- The CXX compiler identification is GNU 11.4.0
[0.358s] -- Detecting C compiler ABI info
[0.465s] -- Detecting C compiler ABI info - done
[0.476s] -- Check for working C compiler: /usr/bin/cc - skipped
[0.477s] -- Detecting C compile features
[0.477s] -- Detecting C compile features - done
[0.481s] -- Detecting CXX compiler ABI info
[0.597s] -- Detecting CXX compiler ABI info - done
[0.609s] -- Check for working CXX compiler: /usr/bin/c++ - skipped
[0.609s] -- Detecting CXX compile features
[0.610s] -- Detecting CXX compile features - done
[0.623s] -- Found ament_cmake: 1.3.11 (/opt/ros/humble/share/ament_cmake/cmake)
[0.853s] -- Found Python3: /usr/bin/python3 (found version "3.10.12") found components: Interpreter 
[1.004s] -- Found nav2_common: 1.1.18 (/opt/ros/humble/share/nav2_common/cmake)
[1.007s] -- Found navigation2: 1.1.18 (/opt/ros/humble/share/navigation2/cmake)
[1.007s] -- Setting build type to Release as none was specified.
[1.010s] -- Found ament_lint_auto: 0.12.12 (/opt/ros/humble/share/ament_lint_auto/cmake)
[1.182s] -- Added test 'copyright' to check source files copyright and LICENSE
[1.188s] -- Added test 'flake8' to check Python code syntax and style conventions
[1.189s] -- Added test 'lint_cmake' to check CMake code style
[1.191s] -- Added test 'pep257' to check Python code against some of the docstring style conventions in PEP 257
[1.195s] -- Added test 'xmllint' to check XML markup files
[1.197s] -- Configuring done
[1.202s] -- Generating done
[1.203s] -- Build files have been written to: /home/hehe/Documents/GitHub/swarm_robots/simulation_ws/src/build/nav2_course
[1.210s] Invoked command in '/home/hehe/Documents/GitHub/swarm_robots/simulation_ws/src/build/nav2_course' returned '0': CMAKE_PREFIX_PATH=${CMAKE_PREFIX_PATH}:/opt/ros/humble /usr/bin/cmake /home/hehe/Documents/GitHub/swarm_robots/simulation_ws/src/ros2_nav_files/nav2_course -DCMAKE_INSTALL_PREFIX=/home/hehe/Documents/GitHub/swarm_robots/simulation_ws/src/install/nav2_course
[1.214s] Invoking command in '/home/hehe/Documents/GitHub/swarm_robots/simulation_ws/src/build/nav2_course': CMAKE_PREFIX_PATH=${CMAKE_PREFIX_PATH}:/opt/ros/humble /usr/bin/cmake --build /home/hehe/Documents/GitHub/swarm_robots/simulation_ws/src/build/nav2_course -- -j6 -l6
[1.269s] Invoked command in '/home/hehe/Documents/GitHub/swarm_robots/simulation_ws/src/build/nav2_course' returned '0': CMAKE_PREFIX_PATH=${CMAKE_PREFIX_PATH}:/opt/ros/humble /usr/bin/cmake --build /home/hehe/Documents/GitHub/swarm_robots/simulation_ws/src/build/nav2_course -- -j6 -l6
[1.286s] Invoking command in '/home/hehe/Documents/GitHub/swarm_robots/simulation_ws/src/build/nav2_course': CMAKE_PREFIX_PATH=${CMAKE_PREFIX_PATH}:/opt/ros/humble /usr/bin/cmake --install /home/hehe/Documents/GitHub/swarm_robots/simulation_ws/src/build/nav2_course
[1.295s] -- Install configuration: "Release"
[1.296s] -- Installing: /home/hehe/Documents/GitHub/swarm_robots/simulation_ws/src/install/nav2_course/share/nav2_course/launch
[1.296s] -- Installing: /home/hehe/Documents/GitHub/swarm_robots/simulation_ws/src/install/nav2_course/share/nav2_course/launch/nav2_complete.launch.py
[1.296s] -- Installing: /home/hehe/Documents/GitHub/swarm_robots/simulation_ws/src/install/nav2_course/share/nav2_course/launch/navigation2_launch.py
[1.296s] -- Installing: /home/hehe/Documents/GitHub/swarm_robots/simulation_ws/src/install/nav2_course/share/nav2_course/launch/tb3_world_navigation_with_tools_launch.py
[1.297s] -- Installing: /home/hehe/Documents/GitHub/swarm_robots/simulation_ws/src/install/nav2_course/share/nav2_course/launch/map_server_launch.py
[1.297s] -- Installing: /home/hehe/Documents/GitHub/swarm_robots/simulation_ws/src/install/nav2_course/share/nav2_course/launch/localization_launch.py
[1.297s] -- Installing: /home/hehe/Documents/GitHub/swarm_robots/simulation_ws/src/install/nav2_course/share/nav2_course/launch/rviz.launch.py
[1.297s] -- Installing: /home/hehe/Documents/GitHub/swarm_robots/simulation_ws/src/install/nav2_course/share/nav2_course/launch/map_saver.launch.py
[1.297s] -- Installing: /home/hehe/Documents/GitHub/swarm_robots/simulation_ws/src/install/nav2_course/share/nav2_course/launch/nav2_demo.launch.py
[1.297s] -- Installing: /home/hehe/Documents/GitHub/swarm_robots/simulation_ws/src/install/nav2_course/share/nav2_course/config
[1.297s] -- Installing: /home/hehe/Documents/GitHub/swarm_robots/simulation_ws/src/install/nav2_course/share/nav2_course/config/turtlebot3_world.pgm
[1.299s] -- Installing: /home/hehe/Documents/GitHub/swarm_robots/simulation_ws/src/install/nav2_course/share/nav2_course/config/navigate_w_replanning_and_recovery.xml
[1.299s] -- Installing: /home/hehe/Documents/GitHub/swarm_robots/simulation_ws/src/install/nav2_course/share/nav2_course/config/turtlebot3_world.yaml
[1.299s] -- Installing: /home/hehe/Documents/GitHub/swarm_robots/simulation_ws/src/install/nav2_course/share/nav2_course/config/default.rviz
[1.299s] -- Installing: /home/hehe/Documents/GitHub/swarm_robots/simulation_ws/src/install/nav2_course/share/nav2_course/config/nav2_params.yaml
[1.299s] -- Installing: /home/hehe/Documents/GitHub/swarm_robots/simulation_ws/src/install/nav2_course/share/nav2_course/config/nav2_default_view.rviz
[1.300s] -- Installing: /home/hehe/Documents/GitHub/swarm_robots/simulation_ws/src/install/nav2_course/share/nav2_course/config/nav2_house_sim_params.yaml
[1.300s] -- Installing: /home/hehe/Documents/GitHub/swarm_robots/simulation_ws/src/install/nav2_course/share/nav2_course/config/navigate_w_replanning_and_recovery_old.xml
[1.300s] -- Installing: /home/hehe/Documents/GitHub/swarm_robots/simulation_ws/src/install/nav2_course/share/nav2_course/config/localization_params.yaml
[1.300s] -- Installing: /home/hehe/Documents/GitHub/swarm_robots/simulation_ws/src/install/nav2_course/share/nav2_course/config/nav2.yaml
[1.301s] -- Installing: /home/hehe/Documents/GitHub/swarm_robots/simulation_ws/src/install/nav2_course/share/nav2_course/worlds
[1.301s] -- Installing: /home/hehe/Documents/GitHub/swarm_robots/simulation_ws/src/install/nav2_course/share/nav2_course/worlds/house_waffle.model
[1.301s] -- Installing: /home/hehe/Documents/GitHub/swarm_robots/simulation_ws/src/install/nav2_course/share/nav2_course/worlds/world_only.model
[1.301s] -- Installing: /home/hehe/Documents/GitHub/swarm_robots/simulation_ws/src/install/nav2_course/share/nav2_course/worlds/waffle.model
[1.302s] -- Installing: /home/hehe/Documents/GitHub/swarm_robots/simulation_ws/src/install/nav2_course/share/nav2_course/maps
[1.302s] -- Installing: /home/hehe/Documents/GitHub/swarm_robots/simulation_ws/src/install/nav2_course/share/nav2_course/maps/turtlebot_area.yaml
[1.302s] -- Installing: /home/hehe/Documents/GitHub/swarm_robots/simulation_ws/src/install/nav2_course/share/nav2_course/maps/turtlebot_area.pgm
[1.302s] -- Installing: /home/hehe/Documents/GitHub/swarm_robots/simulation_ws/src/install/nav2_course/share/ament_index/resource_index/package_run_dependencies/nav2_course
[1.303s] -- Installing: /home/hehe/Documents/GitHub/swarm_robots/simulation_ws/src/install/nav2_course/share/ament_index/resource_index/parent_prefix_path/nav2_course
[1.303s] -- Installing: /home/hehe/Documents/GitHub/swarm_robots/simulation_ws/src/install/nav2_course/share/nav2_course/environment/ament_prefix_path.sh
[1.303s] -- Installing: /home/hehe/Documents/GitHub/swarm_robots/simulation_ws/src/install/nav2_course/share/nav2_course/environment/ament_prefix_path.dsv
[1.303s] -- Installing: /home/hehe/Documents/GitHub/swarm_robots/simulation_ws/src/install/nav2_course/share/nav2_course/environment/path.sh
[1.303s] -- Installing: /home/hehe/Documents/GitHub/swarm_robots/simulation_ws/src/install/nav2_course/share/nav2_course/environment/path.dsv
[1.304s] -- Installing: /home/hehe/Documents/GitHub/swarm_robots/simulation_ws/src/install/nav2_course/share/nav2_course/local_setup.bash
[1.304s] -- Installing: /home/hehe/Documents/GitHub/swarm_robots/simulation_ws/src/install/nav2_course/share/nav2_course/local_setup.sh
[1.304s] -- Installing: /home/hehe/Documents/GitHub/swarm_robots/simulation_ws/src/install/nav2_course/share/nav2_course/local_setup.zsh
[1.304s] -- Installing: /home/hehe/Documents/GitHub/swarm_robots/simulation_ws/src/install/nav2_course/share/nav2_course/local_setup.dsv
[1.304s] -- Installing: /home/hehe/Documents/GitHub/swarm_robots/simulation_ws/src/install/nav2_course/share/nav2_course/package.dsv
[1.304s] -- Installing: /home/hehe/Documents/GitHub/swarm_robots/simulation_ws/src/install/nav2_course/share/ament_index/resource_index/packages/nav2_course
[1.304s] -- Installing: /home/hehe/Documents/GitHub/swarm_robots/simulation_ws/src/install/nav2_course/share/nav2_course/cmake/nav2_courseConfig.cmake
[1.305s] -- Installing: /home/hehe/Documents/GitHub/swarm_robots/simulation_ws/src/install/nav2_course/share/nav2_course/cmake/nav2_courseConfig-version.cmake
[1.305s] -- Installing: /home/hehe/Documents/GitHub/swarm_robots/simulation_ws/src/install/nav2_course/share/nav2_course/package.xml
[1.308s] Invoked command in '/home/hehe/Documents/GitHub/swarm_robots/simulation_ws/src/build/nav2_course' returned '0': CMAKE_PREFIX_PATH=${CMAKE_PREFIX_PATH}:/opt/ros/humble /usr/bin/cmake --install /home/hehe/Documents/GitHub/swarm_robots/simulation_ws/src/build/nav2_course
