/home/hehe/Documents/GitHub/swarm_robots/simulation_ws/src/install/nav2_project/lib/python3.10/site-packages/nav2_project/__init__.py
/home/hehe/Documents/GitHub/swarm_robots/simulation_ws/src/install/nav2_project/lib/python3.10/site-packages/nav2_project/spot_recorder.py
/home/hehe/Documents/GitHub/swarm_robots/simulation_ws/src/install/nav2_project/lib/python3.10/site-packages/nav2_project/go_to_pose.py
/home/hehe/Documents/GitHub/swarm_robots/simulation_ws/src/install/nav2_project/lib/python3.10/site-packages/nav2_project/__pycache__/__init__.cpython-310.pyc
/home/hehe/Documents/GitHub/swarm_robots/simulation_ws/src/install/nav2_project/lib/python3.10/site-packages/nav2_project/__pycache__/spot_recorder.cpython-310.pyc
/home/hehe/Documents/GitHub/swarm_robots/simulation_ws/src/install/nav2_project/lib/python3.10/site-packages/nav2_project/__pycache__/go_to_pose.cpython-310.pyc
/home/hehe/Documents/GitHub/swarm_robots/simulation_ws/src/install/nav2_project/share/ament_index/resource_index/packages/nav2_project
/home/hehe/Documents/GitHub/swarm_robots/simulation_ws/src/install/nav2_project/share/nav2_project/package.xml
/home/hehe/Documents/GitHub/swarm_robots/simulation_ws/src/install/nav2_project/share/nav2_project/launch/project_map_server.launch.py
/home/hehe/Documents/GitHub/swarm_robots/simulation_ws/src/install/nav2_project/share/nav2_project/launch/cartographer.launch.py
/home/hehe/Documents/GitHub/swarm_robots/simulation_ws/src/install/nav2_project/share/nav2_project/launch/nav2_project.launch.py
/home/hehe/Documents/GitHub/swarm_robots/simulation_ws/src/install/nav2_project/share/nav2_project/launch/project_navigation_with_tools_launch.py
/home/hehe/Documents/GitHub/swarm_robots/simulation_ws/src/install/nav2_project/share/nav2_project/launch/go_to_pose.launch.py
/home/hehe/Documents/GitHub/swarm_robots/simulation_ws/src/install/nav2_project/share/nav2_project/config/project_params.yaml
/home/hehe/Documents/GitHub/swarm_robots/simulation_ws/src/install/nav2_project/share/nav2_project/config/turtlebot3_house.yaml
/home/hehe/Documents/GitHub/swarm_robots/simulation_ws/src/install/nav2_project/share/nav2_project/config/nav2_project.yaml
/home/hehe/Documents/GitHub/swarm_robots/simulation_ws/src/install/nav2_project/share/nav2_project/config/spot-list.yaml
/home/hehe/Documents/GitHub/swarm_robots/simulation_ws/src/install/nav2_project/share/nav2_project/config/turtlebot3_house.pgm
/home/hehe/Documents/GitHub/swarm_robots/simulation_ws/src/install/nav2_project/share/nav2_project/config/nav2_default_view.rviz
/home/hehe/Documents/GitHub/swarm_robots/simulation_ws/src/install/nav2_project/share/nav2_project/config/navigate_w_replanning_and_recovery.xml
/home/hehe/Documents/GitHub/swarm_robots/simulation_ws/src/install/nav2_project/share/nav2_project/config/cartographer.lua
/home/hehe/Documents/GitHub/swarm_robots/simulation_ws/src/install/nav2_project/lib/python3.10/site-packages/nav2_project-0.0.0-py3.10.egg-info/entry_points.txt
/home/hehe/Documents/GitHub/swarm_robots/simulation_ws/src/install/nav2_project/lib/python3.10/site-packages/nav2_project-0.0.0-py3.10.egg-info/PKG-INFO
/home/hehe/Documents/GitHub/swarm_robots/simulation_ws/src/install/nav2_project/lib/python3.10/site-packages/nav2_project-0.0.0-py3.10.egg-info/dependency_links.txt
/home/hehe/Documents/GitHub/swarm_robots/simulation_ws/src/install/nav2_project/lib/python3.10/site-packages/nav2_project-0.0.0-py3.10.egg-info/SOURCES.txt
/home/hehe/Documents/GitHub/swarm_robots/simulation_ws/src/install/nav2_project/lib/python3.10/site-packages/nav2_project-0.0.0-py3.10.egg-info/zip-safe
/home/hehe/Documents/GitHub/swarm_robots/simulation_ws/src/install/nav2_project/lib/python3.10/site-packages/nav2_project-0.0.0-py3.10.egg-info/top_level.txt
/home/hehe/Documents/GitHub/swarm_robots/simulation_ws/src/install/nav2_project/lib/python3.10/site-packages/nav2_project-0.0.0-py3.10.egg-info/requires.txt
/home/hehe/Documents/GitHub/swarm_robots/simulation_ws/src/install/nav2_project/lib/nav2_project/go_to_pose
/home/hehe/Documents/GitHub/swarm_robots/simulation_ws/src/install/nav2_project/lib/nav2_project/spot_recorder
