[0.013s] Invoking command in '/home/hehe/Documents/GitHub/swarm_robots/simulation_ws/src/build/robot_bringup': CMAKE_PREFIX_PATH=/home/hehe/Documents/GitHub/swarm_robots/simulation_ws/src/install/cartographer:/home/hehe/Documents/GitHub/swarm_robots/simulation_ws/src/install/robot_bringup:/home/hehe/Documents/GitHub/swarm_robots/simulation_ws/src/install/nav2_course:/home/hehe/Documents/GitHub/swarm_robot/simulation_ws/install/turtlebot3_navigation2:/home/hehe/Documents/GitHub/swarm_robot/simulation_ws/install/navigation:/home/hehe/Documents/GitHub/swarm_robot/simulation_ws/install/tlbot_navigation2:/home/hehe/Documents/GitHub/swarm_robot/simulation_ws/install/robot_bringup:/home/hehe/Documents/GitHub/swarm_robot/simulation_ws/install/cartographer:/home/hehe/Documents/GitHub/swarm_robots/simulation_ws/src/install/nav2_project:/opt/ros/humble /usr/bin/cmake --build /home/hehe/Documents/GitHub/swarm_robots/simulation_ws/src/build/robot_bringup -- -j6 -l6
[0.040s] -- Found ament_cmake: 1.3.11 (/opt/ros/humble/share/ament_cmake/cmake)
[0.206s] -- Found ament_lint_auto: 0.12.12 (/opt/ros/humble/share/ament_lint_auto/cmake)
[0.299s] -- Added test 'flake8' to check Python code syntax and style conventions
[0.300s] -- Added test 'lint_cmake' to check CMake code style
[0.301s] -- Added test 'pep257' to check Python code against some of the docstring style conventions in PEP 257
[0.303s] -- Added test 'xmllint' to check XML markup files
[0.305s] -- Configuring done
[0.310s] -- Generating done
[0.314s] -- Build files have been written to: /home/hehe/Documents/GitHub/swarm_robots/simulation_ws/src/build/robot_bringup
[0.341s] Invoked command in '/home/hehe/Documents/GitHub/swarm_robots/simulation_ws/src/build/robot_bringup' returned '0': CMAKE_PREFIX_PATH=/home/hehe/Documents/GitHub/swarm_robots/simulation_ws/src/install/cartographer:/home/hehe/Documents/GitHub/swarm_robots/simulation_ws/src/install/robot_bringup:/home/hehe/Documents/GitHub/swarm_robots/simulation_ws/src/install/nav2_course:/home/hehe/Documents/GitHub/swarm_robot/simulation_ws/install/turtlebot3_navigation2:/home/hehe/Documents/GitHub/swarm_robot/simulation_ws/install/navigation:/home/hehe/Documents/GitHub/swarm_robot/simulation_ws/install/tlbot_navigation2:/home/hehe/Documents/GitHub/swarm_robot/simulation_ws/install/robot_bringup:/home/hehe/Documents/GitHub/swarm_robot/simulation_ws/install/cartographer:/home/hehe/Documents/GitHub/swarm_robots/simulation_ws/src/install/nav2_project:/opt/ros/humble /usr/bin/cmake --build /home/hehe/Documents/GitHub/swarm_robots/simulation_ws/src/build/robot_bringup -- -j6 -l6
[0.344s] Invoking command in '/home/hehe/Documents/GitHub/swarm_robots/simulation_ws/src/build/robot_bringup': CMAKE_PREFIX_PATH=/home/hehe/Documents/GitHub/swarm_robots/simulation_ws/src/install/cartographer:/home/hehe/Documents/GitHub/swarm_robots/simulation_ws/src/install/robot_bringup:/home/hehe/Documents/GitHub/swarm_robots/simulation_ws/src/install/nav2_course:/home/hehe/Documents/GitHub/swarm_robot/simulation_ws/install/turtlebot3_navigation2:/home/hehe/Documents/GitHub/swarm_robot/simulation_ws/install/navigation:/home/hehe/Documents/GitHub/swarm_robot/simulation_ws/install/tlbot_navigation2:/home/hehe/Documents/GitHub/swarm_robot/simulation_ws/install/robot_bringup:/home/hehe/Documents/GitHub/swarm_robot/simulation_ws/install/cartographer:/home/hehe/Documents/GitHub/swarm_robots/simulation_ws/src/install/nav2_project:/opt/ros/humble /usr/bin/cmake --install /home/hehe/Documents/GitHub/swarm_robots/simulation_ws/src/build/robot_bringup
[0.352s] -- Install configuration: ""
[0.352s] -- Up-to-date: /home/hehe/Documents/GitHub/swarm_robots/simulation_ws/src/install/robot_bringup/share/robot_bringup//description
[0.353s] -- Installing: /home/hehe/Documents/GitHub/swarm_robots/simulation_ws/src/install/robot_bringup/share/robot_bringup//description/lidar.xacro
[0.353s] -- Installing: /home/hehe/Documents/GitHub/swarm_robots/simulation_ws/src/install/robot_bringup/share/robot_bringup//description/inertial_macros.xacro
[0.353s] -- Installing: /home/hehe/Documents/GitHub/swarm_robots/simulation_ws/src/install/robot_bringup/share/robot_bringup//description/gazebo_control.xacro
[0.353s] -- Installing: /home/hehe/Documents/GitHub/swarm_robots/simulation_ws/src/install/robot_bringup/share/robot_bringup//description/swarm_bot.urdf
[0.353s] -- Installing: /home/hehe/Documents/GitHub/swarm_robots/simulation_ws/src/install/robot_bringup/share/robot_bringup//description/swarm_bot.xacro
[0.354s] -- Up-to-date: /home/hehe/Documents/GitHub/swarm_robots/simulation_ws/src/install/robot_bringup/share/robot_bringup//launch
[0.354s] -- Installing: /home/hehe/Documents/GitHub/swarm_robots/simulation_ws/src/install/robot_bringup/share/robot_bringup//launch/multi_robots_setup.py
[0.354s] -- Installing: /home/hehe/Documents/GitHub/swarm_robots/simulation_ws/src/install/robot_bringup/share/robot_bringup//launch/tf_broadcaster.py
[0.354s] -- Installing: /home/hehe/Documents/GitHub/swarm_robots/simulation_ws/src/install/robot_bringup/share/robot_bringup//launch/robot_spawn_tf.py
[0.354s] -- Installing: /home/hehe/Documents/GitHub/swarm_robots/simulation_ws/src/install/robot_bringup/share/robot_bringup//launch/robot_spawn_position.py
[0.354s] -- Installing: /home/hehe/Documents/GitHub/swarm_robots/simulation_ws/src/install/robot_bringup/share/robot_bringup//launch/robot_spawn.launch.py
[0.354s] -- Installing: /home/hehe/Documents/GitHub/swarm_robots/simulation_ws/src/install/robot_bringup/share/robot_bringup//launch/multi_robots_spawn.launch.py
[0.355s] -- Up-to-date: /home/hehe/Documents/GitHub/swarm_robots/simulation_ws/src/install/robot_bringup/share/robot_bringup//worlds
[0.355s] -- Installing: /home/hehe/Documents/GitHub/swarm_robots/simulation_ws/src/install/robot_bringup/share/robot_bringup//worlds/swarm_world.worlds
[0.355s] -- Installing: /home/hehe/Documents/GitHub/swarm_robots/simulation_ws/src/install/robot_bringup/share/robot_bringup//worlds/obstacle.worlds
[0.355s] -- Installing: /home/hehe/Documents/GitHub/swarm_robots/simulation_ws/src/install/robot_bringup/lib/robot_bringup/robot_spawn_position.py
[0.355s] -- Installing: /home/hehe/Documents/GitHub/swarm_robots/simulation_ws/src/install/robot_bringup/lib/robot_bringup/robot_spawn_tf.py
[0.355s] -- Up-to-date: /home/hehe/Documents/GitHub/swarm_robots/simulation_ws/src/install/robot_bringup/share/ament_index/resource_index/package_run_dependencies/robot_bringup
[0.355s] -- Installing: /home/hehe/Documents/GitHub/swarm_robots/simulation_ws/src/install/robot_bringup/share/ament_index/resource_index/parent_prefix_path/robot_bringup
[0.355s] -- Installing: /home/hehe/Documents/GitHub/swarm_robots/simulation_ws/src/install/robot_bringup/share/robot_bringup/environment/ament_prefix_path.sh
[0.356s] -- Installing: /home/hehe/Documents/GitHub/swarm_robots/simulation_ws/src/install/robot_bringup/share/robot_bringup/environment/ament_prefix_path.dsv
[0.356s] -- Installing: /home/hehe/Documents/GitHub/swarm_robots/simulation_ws/src/install/robot_bringup/share/robot_bringup/environment/path.sh
[0.356s] -- Installing: /home/hehe/Documents/GitHub/swarm_robots/simulation_ws/src/install/robot_bringup/share/robot_bringup/environment/path.dsv
[0.356s] -- Up-to-date: /home/hehe/Documents/GitHub/swarm_robots/simulation_ws/src/install/robot_bringup/share/robot_bringup/local_setup.bash
[0.356s] -- Up-to-date: /home/hehe/Documents/GitHub/swarm_robots/simulation_ws/src/install/robot_bringup/share/robot_bringup/local_setup.sh
[0.356s] -- Up-to-date: /home/hehe/Documents/GitHub/swarm_robots/simulation_ws/src/install/robot_bringup/share/robot_bringup/local_setup.zsh
[0.356s] -- Installing: /home/hehe/Documents/GitHub/swarm_robots/simulation_ws/src/install/robot_bringup/share/robot_bringup/local_setup.dsv
[0.357s] -- Installing: /home/hehe/Documents/GitHub/swarm_robots/simulation_ws/src/install/robot_bringup/share/robot_bringup/package.dsv
[0.357s] -- Up-to-date: /home/hehe/Documents/GitHub/swarm_robots/simulation_ws/src/install/robot_bringup/share/ament_index/resource_index/packages/robot_bringup
[0.357s] -- Up-to-date: /home/hehe/Documents/GitHub/swarm_robots/simulation_ws/src/install/robot_bringup/share/robot_bringup/cmake/robot_bringupConfig.cmake
[0.357s] -- Up-to-date: /home/hehe/Documents/GitHub/swarm_robots/simulation_ws/src/install/robot_bringup/share/robot_bringup/cmake/robot_bringupConfig-version.cmake
[0.357s] -- Installing: /home/hehe/Documents/GitHub/swarm_robots/simulation_ws/src/install/robot_bringup/share/robot_bringup/package.xml
[0.359s] Invoked command in '/home/hehe/Documents/GitHub/swarm_robots/simulation_ws/src/build/robot_bringup' returned '0': CMAKE_PREFIX_PATH=/home/hehe/Documents/GitHub/swarm_robots/simulation_ws/src/install/cartographer:/home/hehe/Documents/GitHub/swarm_robots/simulation_ws/src/install/robot_bringup:/home/hehe/Documents/GitHub/swarm_robots/simulation_ws/src/install/nav2_course:/home/hehe/Documents/GitHub/swarm_robot/simulation_ws/install/turtlebot3_navigation2:/home/hehe/Documents/GitHub/swarm_robot/simulation_ws/install/navigation:/home/hehe/Documents/GitHub/swarm_robot/simulation_ws/install/tlbot_navigation2:/home/hehe/Documents/GitHub/swarm_robot/simulation_ws/install/robot_bringup:/home/hehe/Documents/GitHub/swarm_robot/simulation_ws/install/cartographer:/home/hehe/Documents/GitHub/swarm_robots/simulation_ws/src/install/nav2_project:/opt/ros/humble /usr/bin/cmake --install /home/hehe/Documents/GitHub/swarm_robots/simulation_ws/src/build/robot_bringup
