-- Found ament_cmake: 1.3.11 (/opt/ros/humble/share/ament_cmake/cmake)
-- Found rclcpp: 16.0.12 (/opt/ros/humble/share/rclcpp/cmake)
-- Found rosidl_generator_c: 3.1.6 (/opt/ros/humble/share/rosidl_generator_c/cmake)
-- Found rosidl_adapter: 3.1.6 (/opt/ros/humble/share/rosidl_adapter/cmake)
-- Found rosidl_generator_cpp: 3.1.6 (/opt/ros/humble/share/rosidl_generator_cpp/cmake)
-- Using all available rosidl_typesupport_c: rosidl_typesupport_fastrtps_c;rosidl_typesupport_introspection_c
-- Using all available rosidl_typesupport_cpp: rosidl_typesupport_fastrtps_cpp;rosidl_typesupport_introspection_cpp
-- Found rmw_implementation_cmake: 6.1.2 (/opt/ros/humble/share/rmw_implementation_cmake/cmake)
-- Found rmw_fastrtps_cpp: 6.2.7 (/opt/ros/humble/share/rmw_fastrtps_cpp/cmake)
-- Using RMW implementation 'rmw_fastrtps_cpp' as default
-- Found sensor_msgs: 4.9.0 (/opt/ros/humble/share/sensor_msgs/cmake)
-- Found nav_msgs: 4.9.0 (/opt/ros/humble/share/nav_msgs/cmake)
-- Found tf2_ros: 0.25.13 (/opt/ros/humble/share/tf2_ros/cmake)
-- Found ament_lint_auto: 0.12.12 (/opt/ros/humble/share/ament_lint_auto/cmake)
-- Found cartographer_ros: 2.0.9002 (/opt/ros/humble/share/cartographer_ros/cmake)
-- Eigen found (include: /usr/include/eigen3, version: 3.4.0)
-- FLANN found (include: /usr/include, lib: /usr/lib/x86_64-linux-gnu/libflann_cpp.so)
-- OpenNI found (version: 1.5.4.0, include: /usr/include/ni, lib: /usr/lib/libOpenNI.so;libusb::libusb)
-- OpenNI2 found (version: 2.2.0.33, include: /usr/include/openni2, lib: /usr/lib/x86_64-linux-gnu/libOpenNI2.so;libusb::libusb)
-- Eigen found (include: /usr/include/eigen3, version: 3.4.0)
-- OpenNI found (version: 1.5.4.0, include: /usr/include/ni, lib: /usr/lib/libOpenNI.so;libusb::libusb)
-- OpenNI2 found (version: 2.2.0.33, include: /usr/include/openni2, lib: /usr/lib/x86_64-linux-gnu/libOpenNI2.so;libusb::libusb)
-- Found Qhull version 8.0.2
-- OpenNI found (version: 1.5.4.0, include: /usr/include/ni, lib: /usr/lib/libOpenNI.so;libusb::libusb)
-- Added test 'flake8' to check Python code syntax and style conventions
-- Added test 'lint_cmake' to check CMake code style
-- Added test 'pep257' to check Python code against some of the docstring style conventions in PEP 257
-- Added test 'xmllint' to check XML markup files
-- Configuring done
-- Generating done
-- Build files have been written to: /home/hehe/Documents/GitHub/swarm_robots/simulation_ws/src/build/cartographer
-- Install configuration: ""
-- Up-to-date: /home/hehe/Documents/GitHub/swarm_robots/simulation_ws/src/install/cartographer/share/cartographer/config
-- Up-to-date: /home/hehe/Documents/GitHub/swarm_robots/simulation_ws/src/install/cartographer/share/cartographer/config/cartographer_config.lua
-- Up-to-date: /home/hehe/Documents/GitHub/swarm_robots/simulation_ws/src/install/cartographer/share/cartographer/launch
-- Up-to-date: /home/hehe/Documents/GitHub/swarm_robots/simulation_ws/src/install/cartographer/share/cartographer/launch/occupancy_grid.launch.py
-- Up-to-date: /home/hehe/Documents/GitHub/swarm_robots/simulation_ws/src/install/cartographer/share/cartographer/launch/cartographer.launch.py
-- Up-to-date: /home/hehe/Documents/GitHub/swarm_robots/simulation_ws/src/install/cartographer/share/cartographer/rviz
-- Up-to-date: /home/hehe/Documents/GitHub/swarm_robots/simulation_ws/src/install/cartographer/share/cartographer/rviz/cartographer.rviz
-- Up-to-date: /home/hehe/Documents/GitHub/swarm_robots/simulation_ws/src/install/cartographer/share/ament_index/resource_index/package_run_dependencies/cartographer
-- Installing: /home/hehe/Documents/GitHub/swarm_robots/simulation_ws/src/install/cartographer/share/ament_index/resource_index/parent_prefix_path/cartographer
-- Installing: /home/hehe/Documents/GitHub/swarm_robots/simulation_ws/src/install/cartographer/share/cartographer/environment/ament_prefix_path.sh
-- Installing: /home/hehe/Documents/GitHub/swarm_robots/simulation_ws/src/install/cartographer/share/cartographer/environment/ament_prefix_path.dsv
-- Installing: /home/hehe/Documents/GitHub/swarm_robots/simulation_ws/src/install/cartographer/share/cartographer/environment/path.sh
-- Installing: /home/hehe/Documents/GitHub/swarm_robots/simulation_ws/src/install/cartographer/share/cartographer/environment/path.dsv
-- Up-to-date: /home/hehe/Documents/GitHub/swarm_robots/simulation_ws/src/install/cartographer/share/cartographer/local_setup.bash
-- Up-to-date: /home/hehe/Documents/GitHub/swarm_robots/simulation_ws/src/install/cartographer/share/cartographer/local_setup.sh
-- Up-to-date: /home/hehe/Documents/GitHub/swarm_robots/simulation_ws/src/install/cartographer/share/cartographer/local_setup.zsh
-- Installing: /home/hehe/Documents/GitHub/swarm_robots/simulation_ws/src/install/cartographer/share/cartographer/local_setup.dsv
-- Installing: /home/hehe/Documents/GitHub/swarm_robots/simulation_ws/src/install/cartographer/share/cartographer/package.dsv
-- Up-to-date: /home/hehe/Documents/GitHub/swarm_robots/simulation_ws/src/install/cartographer/share/ament_index/resource_index/packages/cartographer
-- Up-to-date: /home/hehe/Documents/GitHub/swarm_robots/simulation_ws/src/install/cartographer/share/cartographer/cmake/cartographerConfig.cmake
-- Up-to-date: /home/hehe/Documents/GitHub/swarm_robots/simulation_ws/src/install/cartographer/share/cartographer/cmake/cartographerConfig-version.cmake
-- Up-to-date: /home/hehe/Documents/GitHub/swarm_robots/simulation_ws/src/install/cartographer/share/cartographer/package.xml
