[0.024s] Invoking command in '/home/hehe/Documents/GitHub/swarm_robots/simulation_ws/src/build/cartographer': CMAKE_PREFIX_PATH=${CMAKE_PREFIX_PATH}:/home/hehe/Documents/GitHub/swarm_robots/simulation_ws/src/install/nav2_project:/opt/ros/humble /usr/bin/cmake --build /home/hehe/Documents/GitHub/swarm_robots/simulation_ws/src/build/cartographer -- -j6 -l6
[0.118s] -- Found ament_cmake: 1.3.11 (/opt/ros/humble/share/ament_cmake/cmake)
[0.326s] -- Found rclcpp: 16.0.12 (/opt/ros/humble/share/rclcpp/cmake)
[0.382s] -- Found rosidl_generator_c: 3.1.6 (/opt/ros/humble/share/rosidl_generator_c/cmake)
[0.389s] -- Found rosidl_adapter: 3.1.6 (/opt/ros/humble/share/rosidl_adapter/cmake)
[0.400s] -- Found rosidl_generator_cpp: 3.1.6 (/opt/ros/humble/share/rosidl_generator_cpp/cmake)
[0.416s] -- Using all available rosidl_typesupport_c: rosidl_typesupport_fastrtps_c;rosidl_typesupport_introspection_c
[0.439s] -- Using all available rosidl_typesupport_cpp: rosidl_typesupport_fastrtps_cpp;rosidl_typesupport_introspection_cpp
[0.496s] -- Found rmw_implementation_cmake: 6.1.2 (/opt/ros/humble/share/rmw_implementation_cmake/cmake)
[0.499s] -- Found rmw_fastrtps_cpp: 6.2.7 (/opt/ros/humble/share/rmw_fastrtps_cpp/cmake)
[0.657s] -- Using RMW implementation 'rmw_fastrtps_cpp' as default
[0.738s] -- Found sensor_msgs: 4.9.0 (/opt/ros/humble/share/sensor_msgs/cmake)
[0.785s] -- Found nav_msgs: 4.9.0 (/opt/ros/humble/share/nav_msgs/cmake)
[0.810s] -- Found tf2_ros: 0.25.13 (/opt/ros/humble/share/tf2_ros/cmake)
[0.955s] -- Found ament_lint_auto: 0.12.12 (/opt/ros/humble/share/ament_lint_auto/cmake)
[0.956s] -- Found cartographer_ros: 2.0.9002 (/opt/ros/humble/share/cartographer_ros/cmake)
[1.050s] -- Eigen found (include: /usr/include/eigen3, version: 3.4.0)
[1.107s] -- FLANN found (include: /usr/include, lib: /usr/lib/x86_64-linux-gnu/libflann_cpp.so)
[1.597s] -- OpenNI found (version: 1.5.4.0, include: /usr/include/ni, lib: /usr/lib/libOpenNI.so;libusb::libusb)
[1.606s] -- OpenNI2 found (version: 2.2.0.33, include: /usr/include/openni2, lib: /usr/lib/x86_64-linux-gnu/libOpenNI2.so;libusb::libusb)
[1.826s] -- Eigen found (include: /usr/include/eigen3, version: 3.4.0)
[1.834s] -- OpenNI found (version: 1.5.4.0, include: /usr/include/ni, lib: /usr/lib/libOpenNI.so;libusb::libusb)
[1.843s] -- OpenNI2 found (version: 2.2.0.33, include: /usr/include/openni2, lib: /usr/lib/x86_64-linux-gnu/libOpenNI2.so;libusb::libusb)
[2.051s] -- Found Qhull version 8.0.2
[2.269s] -- OpenNI found (version: 1.5.4.0, include: /usr/include/ni, lib: /usr/lib/libOpenNI.so;libusb::libusb)
[2.674s] -- Added test 'flake8' to check Python code syntax and style conventions
[2.674s] -- Added test 'lint_cmake' to check CMake code style
[2.675s] -- Added test 'pep257' to check Python code against some of the docstring style conventions in PEP 257
[2.676s] -- Added test 'xmllint' to check XML markup files
[2.677s] -- Configuring done
[2.686s] -- Generating done
[2.691s] -- Build files have been written to: /home/hehe/Documents/GitHub/swarm_robots/simulation_ws/src/build/cartographer
[2.733s] Invoked command in '/home/hehe/Documents/GitHub/swarm_robots/simulation_ws/src/build/cartographer' returned '0': CMAKE_PREFIX_PATH=${CMAKE_PREFIX_PATH}:/home/hehe/Documents/GitHub/swarm_robots/simulation_ws/src/install/nav2_project:/opt/ros/humble /usr/bin/cmake --build /home/hehe/Documents/GitHub/swarm_robots/simulation_ws/src/build/cartographer -- -j6 -l6
[2.736s] Invoking command in '/home/hehe/Documents/GitHub/swarm_robots/simulation_ws/src/build/cartographer': CMAKE_PREFIX_PATH=${CMAKE_PREFIX_PATH}:/home/hehe/Documents/GitHub/swarm_robots/simulation_ws/src/install/nav2_project:/opt/ros/humble /usr/bin/cmake --install /home/hehe/Documents/GitHub/swarm_robots/simulation_ws/src/build/cartographer
[2.744s] -- Install configuration: ""
[2.744s] -- Up-to-date: /home/hehe/Documents/GitHub/swarm_robots/simulation_ws/src/install/cartographer/share/cartographer/config
[2.744s] -- Up-to-date: /home/hehe/Documents/GitHub/swarm_robots/simulation_ws/src/install/cartographer/share/cartographer/config/cartographer_config.lua
[2.745s] -- Up-to-date: /home/hehe/Documents/GitHub/swarm_robots/simulation_ws/src/install/cartographer/share/cartographer/launch
[2.745s] -- Up-to-date: /home/hehe/Documents/GitHub/swarm_robots/simulation_ws/src/install/cartographer/share/cartographer/launch/occupancy_grid.launch.py
[2.745s] -- Up-to-date: /home/hehe/Documents/GitHub/swarm_robots/simulation_ws/src/install/cartographer/share/cartographer/launch/cartographer.launch.py
[2.745s] -- Up-to-date: /home/hehe/Documents/GitHub/swarm_robots/simulation_ws/src/install/cartographer/share/cartographer/rviz
[2.745s] -- Up-to-date: /home/hehe/Documents/GitHub/swarm_robots/simulation_ws/src/install/cartographer/share/cartographer/rviz/cartographer.rviz
[2.746s] -- Up-to-date: /home/hehe/Documents/GitHub/swarm_robots/simulation_ws/src/install/cartographer/share/ament_index/resource_index/package_run_dependencies/cartographer
[2.746s] -- Installing: /home/hehe/Documents/GitHub/swarm_robots/simulation_ws/src/install/cartographer/share/ament_index/resource_index/parent_prefix_path/cartographer
[2.746s] -- Installing: /home/hehe/Documents/GitHub/swarm_robots/simulation_ws/src/install/cartographer/share/cartographer/environment/ament_prefix_path.sh
[2.746s] -- Installing: /home/hehe/Documents/GitHub/swarm_robots/simulation_ws/src/install/cartographer/share/cartographer/environment/ament_prefix_path.dsv
[2.746s] -- Installing: /home/hehe/Documents/GitHub/swarm_robots/simulation_ws/src/install/cartographer/share/cartographer/environment/path.sh
[2.746s] -- Installing: /home/hehe/Documents/GitHub/swarm_robots/simulation_ws/src/install/cartographer/share/cartographer/environment/path.dsv
[2.746s] -- Up-to-date: /home/hehe/Documents/GitHub/swarm_robots/simulation_ws/src/install/cartographer/share/cartographer/local_setup.bash
[2.747s] -- Up-to-date: /home/hehe/Documents/GitHub/swarm_robots/simulation_ws/src/install/cartographer/share/cartographer/local_setup.sh
[2.747s] -- Up-to-date: /home/hehe/Documents/GitHub/swarm_robots/simulation_ws/src/install/cartographer/share/cartographer/local_setup.zsh
[2.747s] -- Installing: /home/hehe/Documents/GitHub/swarm_robots/simulation_ws/src/install/cartographer/share/cartographer/local_setup.dsv
[2.747s] -- Installing: /home/hehe/Documents/GitHub/swarm_robots/simulation_ws/src/install/cartographer/share/cartographer/package.dsv
[2.747s] -- Up-to-date: /home/hehe/Documents/GitHub/swarm_robots/simulation_ws/src/install/cartographer/share/ament_index/resource_index/packages/cartographer
[2.747s] -- Up-to-date: /home/hehe/Documents/GitHub/swarm_robots/simulation_ws/src/install/cartographer/share/cartographer/cmake/cartographerConfig.cmake
[2.747s] -- Up-to-date: /home/hehe/Documents/GitHub/swarm_robots/simulation_ws/src/install/cartographer/share/cartographer/cmake/cartographerConfig-version.cmake
[2.747s] -- Up-to-date: /home/hehe/Documents/GitHub/swarm_robots/simulation_ws/src/install/cartographer/share/cartographer/package.xml
[2.750s] Invoked command in '/home/hehe/Documents/GitHub/swarm_robots/simulation_ws/src/build/cartographer' returned '0': CMAKE_PREFIX_PATH=${CMAKE_PREFIX_PATH}:/home/hehe/Documents/GitHub/swarm_robots/simulation_ws/src/install/nav2_project:/opt/ros/humble /usr/bin/cmake --install /home/hehe/Documents/GitHub/swarm_robots/simulation_ws/src/build/cartographer
