/usr/lib/python3/dist-packages/setuptools/dist.py:723: UserWarning: Usage of dash-separated 'script-dir' will not be supported in future versions. Please use the underscore name 'script_dir' instead
  warnings.warn(
running egg_info
creating build/control/control.egg-info
writing build/control/control.egg-info/PKG-INFO
writing dependency_links to build/control/control.egg-info/dependency_links.txt
writing entry points to build/control/control.egg-info/entry_points.txt
writing requirements to build/control/control.egg-info/requires.txt
writing top-level names to build/control/control.egg-info/top_level.txt
writing manifest file 'build/control/control.egg-info/SOURCES.txt'
reading manifest file 'build/control/control.egg-info/SOURCES.txt'
writing manifest file 'build/control/control.egg-info/SOURCES.txt'
running build
running build_py
creating /home/rasp4/swarm_robots/algorithm/src/control/build/control/build
creating /home/rasp4/swarm_robots/algorithm/src/control/build/control/build/lib
creating /home/rasp4/swarm_robots/algorithm/src/control/build/control/build/lib/control
copying control/navigation_process.py -> /home/rasp4/swarm_robots/algorithm/src/control/build/control/build/lib/control
copying control/odometry.py -> /home/rasp4/swarm_robots/algorithm/src/control/build/control/build/lib/control
copying control/__init__.py -> /home/rasp4/swarm_robots/algorithm/src/control/build/control/build/lib/control
copying control/cmd_vel.py -> /home/rasp4/swarm_robots/algorithm/src/control/build/control/build/lib/control
running install
running install_lib
creating /home/rasp4/swarm_robots/algorithm/src/control/install/control/lib/python3.10/site-packages/control
copying /home/rasp4/swarm_robots/algorithm/src/control/build/control/build/lib/control/navigation_process.py -> /home/rasp4/swarm_robots/algorithm/src/control/install/control/lib/python3.10/site-packages/control
copying /home/rasp4/swarm_robots/algorithm/src/control/build/control/build/lib/control/odometry.py -> /home/rasp4/swarm_robots/algorithm/src/control/install/control/lib/python3.10/site-packages/control
copying /home/rasp4/swarm_robots/algorithm/src/control/build/control/build/lib/control/__init__.py -> /home/rasp4/swarm_robots/algorithm/src/control/install/control/lib/python3.10/site-packages/control
copying /home/rasp4/swarm_robots/algorithm/src/control/build/control/build/lib/control/cmd_vel.py -> /home/rasp4/swarm_robots/algorithm/src/control/install/control/lib/python3.10/site-packages/control
byte-compiling /home/rasp4/swarm_robots/algorithm/src/control/install/control/lib/python3.10/site-packages/control/navigation_process.py to navigation_process.cpython-310.pyc
byte-compiling /home/rasp4/swarm_robots/algorithm/src/control/install/control/lib/python3.10/site-packages/control/odometry.py to odometry.cpython-310.pyc
byte-compiling /home/rasp4/swarm_robots/algorithm/src/control/install/control/lib/python3.10/site-packages/control/__init__.py to __init__.cpython-310.pyc
byte-compiling /home/rasp4/swarm_robots/algorithm/src/control/install/control/lib/python3.10/site-packages/control/cmd_vel.py to cmd_vel.cpython-310.pyc
running install_data
creating /home/rasp4/swarm_robots/algorithm/src/control/install/control/share/ament_index
creating /home/rasp4/swarm_robots/algorithm/src/control/install/control/share/ament_index/resource_index
creating /home/rasp4/swarm_robots/algorithm/src/control/install/control/share/ament_index/resource_index/packages
error: can't copy 'resource/control': doesn't exist or not a regular file
