/home/rasp4/swarm_robots/algorithm/src/control/install/control/lib/python3.10/site-packages/control/navigation_process.py
/home/rasp4/swarm_robots/algorithm/src/control/install/control/lib/python3.10/site-packages/control/odometry.py
/home/rasp4/swarm_robots/algorithm/src/control/install/control/lib/python3.10/site-packages/control/__init__.py
/home/rasp4/swarm_robots/algorithm/src/control/install/control/lib/python3.10/site-packages/control/cmd_vel.py
/home/rasp4/swarm_robots/algorithm/src/control/install/control/lib/python3.10/site-packages/control/__pycache__/navigation_process.cpython-310.pyc
/home/rasp4/swarm_robots/algorithm/src/control/install/control/lib/python3.10/site-packages/control/__pycache__/odometry.cpython-310.pyc
/home/rasp4/swarm_robots/algorithm/src/control/install/control/lib/python3.10/site-packages/control/__pycache__/__init__.cpython-310.pyc
/home/rasp4/swarm_robots/algorithm/src/control/install/control/lib/python3.10/site-packages/control/__pycache__/cmd_vel.cpython-310.pyc
/home/rasp4/swarm_robots/algorithm/src/control/install/control/share/ament_index/resource_index/packages/control
/home/rasp4/swarm_robots/algorithm/src/control/install/control/share/control/package.xml
/home/rasp4/swarm_robots/algorithm/src/control/install/control/lib/python3.10/site-packages/control-0.0.0-py3.10.egg-info/SOURCES.txt
/home/rasp4/swarm_robots/algorithm/src/control/install/control/lib/python3.10/site-packages/control-0.0.0-py3.10.egg-info/top_level.txt
/home/rasp4/swarm_robots/algorithm/src/control/install/control/lib/python3.10/site-packages/control-0.0.0-py3.10.egg-info/PKG-INFO
/home/rasp4/swarm_robots/algorithm/src/control/install/control/lib/python3.10/site-packages/control-0.0.0-py3.10.egg-info/zip-safe
/home/rasp4/swarm_robots/algorithm/src/control/install/control/lib/python3.10/site-packages/control-0.0.0-py3.10.egg-info/requires.txt
/home/rasp4/swarm_robots/algorithm/src/control/install/control/lib/python3.10/site-packages/control-0.0.0-py3.10.egg-info/entry_points.txt
/home/rasp4/swarm_robots/algorithm/src/control/install/control/lib/python3.10/site-packages/control-0.0.0-py3.10.egg-info/dependency_links.txt
/home/rasp4/swarm_robots/algorithm/src/control/install/control/lib/control/navigation_process
/home/rasp4/swarm_robots/algorithm/src/control/install/control/lib/control/odom
/home/rasp4/swarm_robots/algorithm/src/control/install/control/lib/control/send_vel
