[0.019s] Invoking command in '/home/hehe/Documents/GitHub/swarm_robots/simulation_ws/src/build/robot_navigation': CMAKE_PREFIX_PATH=${CMAKE_PREFIX_PATH}:/home/hehe/Documents/GitHub/swarm_robots/simulation_ws/src/install/nav2_project:/opt/ros/humble /usr/bin/cmake /home/hehe/Documents/GitHub/swarm_robots/simulation_ws/src/robot_navigation -DCMAKE_INSTALL_PREFIX=/home/hehe/Documents/GitHub/swarm_robots/simulation_ws/src/install/robot_navigation
[0.173s] -- The C compiler identification is GNU 11.4.0
[0.299s] -- The CXX compiler identification is GNU 11.4.0
[0.311s] -- Detecting C compiler ABI info
[0.417s] -- Detecting C compiler ABI info - done
[0.434s] -- Check for working C compiler: /usr/bin/cc - skipped
[0.435s] -- Detecting C compile features
[0.436s] -- Detecting C compile features - done
[0.444s] -- Detecting CXX compiler ABI info
[0.563s] -- Detecting CXX compiler ABI info - done
[0.573s] -- Check for working CXX compiler: /usr/bin/c++ - skipped
[0.573s] -- Detecting CXX compile features
[0.574s] -- Detecting CXX compile features - done
[0.577s] -- Found ament_cmake: 1.3.11 (/opt/ros/humble/share/ament_cmake/cmake)
[0.780s] -- Found Python3: /usr/bin/python3 (found version "3.10.12") found components: Interpreter 
[0.927s] -- Found nav2_bringup: 1.1.18 (/opt/ros/humble/share/nav2_bringup/cmake)
[0.930s] -- Found rclcpp: 16.0.12 (/opt/ros/humble/share/rclcpp/cmake)
[0.996s] -- Found rosidl_generator_c: 3.1.6 (/opt/ros/humble/share/rosidl_generator_c/cmake)
[1.007s] -- Found rosidl_adapter: 3.1.6 (/opt/ros/humble/share/rosidl_adapter/cmake)
[1.021s] -- Found rosidl_generator_cpp: 3.1.6 (/opt/ros/humble/share/rosidl_generator_cpp/cmake)
[1.043s] -- Using all available rosidl_typesupport_c: rosidl_typesupport_fastrtps_c;rosidl_typesupport_introspection_c
[1.069s] -- Using all available rosidl_typesupport_cpp: rosidl_typesupport_fastrtps_cpp;rosidl_typesupport_introspection_cpp
[1.140s] -- Found rmw_implementation_cmake: 6.1.2 (/opt/ros/humble/share/rmw_implementation_cmake/cmake)
[1.143s] -- Found rmw_fastrtps_cpp: 6.2.7 (/opt/ros/humble/share/rmw_fastrtps_cpp/cmake)
[1.264s] -- Found OpenSSL: /usr/lib/x86_64-linux-gnu/libcrypto.so (found version "3.0.2")  
[1.301s] -- Found FastRTPS: /opt/ros/humble/include  
[1.359s] -- Using RMW implementation 'rmw_fastrtps_cpp' as default
[1.371s] -- Looking for pthread.h
[1.466s] -- Looking for pthread.h - found
[1.466s] -- Performing Test CMAKE_HAVE_LIBC_PTHREAD
[1.557s] -- Performing Test CMAKE_HAVE_LIBC_PTHREAD - Success
[1.558s] -- Found Threads: TRUE  
[1.631s] -- Found nav2_util: 1.1.18 (/opt/ros/humble/share/nav2_util/cmake)
[1.887s] -- Found eigen3_cmake_module: 0.1.1 (/opt/ros/humble/share/eigen3_cmake_module/cmake)
[1.890s] -- Found Eigen3: TRUE (found version "3.4.0") 
[1.890s] -- Ensuring Eigen3 include directory is part of orocos-kdl CMake target
[1.977s] -- Found ament_lint_auto: 0.12.12 (/opt/ros/humble/share/ament_lint_auto/cmake)
[2.086s] -- Added test 'flake8' to check Python code syntax and style conventions
[2.087s] -- Added test 'lint_cmake' to check CMake code style
[2.088s] -- Added test 'pep257' to check Python code against some of the docstring style conventions in PEP 257
[2.090s] -- Added test 'xmllint' to check XML markup files
[2.092s] -- Configuring done
[2.098s] -- Generating done
[2.102s] -- Build files have been written to: /home/hehe/Documents/GitHub/swarm_robots/simulation_ws/src/build/robot_navigation
[2.114s] Invoked command in '/home/hehe/Documents/GitHub/swarm_robots/simulation_ws/src/build/robot_navigation' returned '0': CMAKE_PREFIX_PATH=${CMAKE_PREFIX_PATH}:/home/hehe/Documents/GitHub/swarm_robots/simulation_ws/src/install/nav2_project:/opt/ros/humble /usr/bin/cmake /home/hehe/Documents/GitHub/swarm_robots/simulation_ws/src/robot_navigation -DCMAKE_INSTALL_PREFIX=/home/hehe/Documents/GitHub/swarm_robots/simulation_ws/src/install/robot_navigation
[2.116s] Invoking command in '/home/hehe/Documents/GitHub/swarm_robots/simulation_ws/src/build/robot_navigation': CMAKE_PREFIX_PATH=${CMAKE_PREFIX_PATH}:/home/hehe/Documents/GitHub/swarm_robots/simulation_ws/src/install/nav2_project:/opt/ros/humble /usr/bin/cmake --build /home/hehe/Documents/GitHub/swarm_robots/simulation_ws/src/build/robot_navigation -- -j6 -l6
[2.172s] Invoked command in '/home/hehe/Documents/GitHub/swarm_robots/simulation_ws/src/build/robot_navigation' returned '0': CMAKE_PREFIX_PATH=${CMAKE_PREFIX_PATH}:/home/hehe/Documents/GitHub/swarm_robots/simulation_ws/src/install/nav2_project:/opt/ros/humble /usr/bin/cmake --build /home/hehe/Documents/GitHub/swarm_robots/simulation_ws/src/build/robot_navigation -- -j6 -l6
[2.184s] Invoking command in '/home/hehe/Documents/GitHub/swarm_robots/simulation_ws/src/build/robot_navigation': CMAKE_PREFIX_PATH=${CMAKE_PREFIX_PATH}:/home/hehe/Documents/GitHub/swarm_robots/simulation_ws/src/install/nav2_project:/opt/ros/humble /usr/bin/cmake --install /home/hehe/Documents/GitHub/swarm_robots/simulation_ws/src/build/robot_navigation
[2.193s] -- Install configuration: ""
[2.193s] -- Installing: /home/hehe/Documents/GitHub/swarm_robots/simulation_ws/src/install/robot_navigation/share/robot_navigation/launch
[2.193s] -- Installing: /home/hehe/Documents/GitHub/swarm_robots/simulation_ws/src/install/robot_navigation/share/robot_navigation/launch/nav2.launch.py
[2.193s] -- Installing: /home/hehe/Documents/GitHub/swarm_robots/simulation_ws/src/install/robot_navigation/share/robot_navigation/maps
[2.193s] -- Installing: /home/hehe/Documents/GitHub/swarm_robots/simulation_ws/src/install/robot_navigation/share/robot_navigation/maps/map.pgm
[2.193s] -- Installing: /home/hehe/Documents/GitHub/swarm_robots/simulation_ws/src/install/robot_navigation/share/robot_navigation/maps/map.yaml
[2.193s] -- Installing: /home/hehe/Documents/GitHub/swarm_robots/simulation_ws/src/install/robot_navigation/share/robot_navigation/params
[2.194s] -- Installing: /home/hehe/Documents/GitHub/swarm_robots/simulation_ws/src/install/robot_navigation/share/robot_navigation/params/nav2_params.yaml
[2.194s] -- Installing: /home/hehe/Documents/GitHub/swarm_robots/simulation_ws/src/install/robot_navigation/share/ament_index/resource_index/package_run_dependencies/robot_navigation
[2.194s] -- Installing: /home/hehe/Documents/GitHub/swarm_robots/simulation_ws/src/install/robot_navigation/share/ament_index/resource_index/parent_prefix_path/robot_navigation
[2.194s] -- Installing: /home/hehe/Documents/GitHub/swarm_robots/simulation_ws/src/install/robot_navigation/share/robot_navigation/environment/ament_prefix_path.sh
[2.194s] -- Installing: /home/hehe/Documents/GitHub/swarm_robots/simulation_ws/src/install/robot_navigation/share/robot_navigation/environment/ament_prefix_path.dsv
[2.195s] -- Installing: /home/hehe/Documents/GitHub/swarm_robots/simulation_ws/src/install/robot_navigation/share/robot_navigation/environment/path.sh
[2.195s] -- Installing: /home/hehe/Documents/GitHub/swarm_robots/simulation_ws/src/install/robot_navigation/share/robot_navigation/environment/path.dsv
[2.195s] -- Installing: /home/hehe/Documents/GitHub/swarm_robots/simulation_ws/src/install/robot_navigation/share/robot_navigation/local_setup.bash
[2.195s] -- Installing: /home/hehe/Documents/GitHub/swarm_robots/simulation_ws/src/install/robot_navigation/share/robot_navigation/local_setup.sh
[2.195s] -- Installing: /home/hehe/Documents/GitHub/swarm_robots/simulation_ws/src/install/robot_navigation/share/robot_navigation/local_setup.zsh
[2.196s] -- Installing: /home/hehe/Documents/GitHub/swarm_robots/simulation_ws/src/install/robot_navigation/share/robot_navigation/local_setup.dsv
[2.196s] -- Installing: /home/hehe/Documents/GitHub/swarm_robots/simulation_ws/src/install/robot_navigation/share/robot_navigation/package.dsv
[2.196s] -- Installing: /home/hehe/Documents/GitHub/swarm_robots/simulation_ws/src/install/robot_navigation/share/ament_index/resource_index/packages/robot_navigation
[2.196s] -- Installing: /home/hehe/Documents/GitHub/swarm_robots/simulation_ws/src/install/robot_navigation/share/robot_navigation/cmake/robot_navigationConfig.cmake
[2.196s] -- Installing: /home/hehe/Documents/GitHub/swarm_robots/simulation_ws/src/install/robot_navigation/share/robot_navigation/cmake/robot_navigationConfig-version.cmake
[2.196s] -- Installing: /home/hehe/Documents/GitHub/swarm_robots/simulation_ws/src/install/robot_navigation/share/robot_navigation/package.xml
[2.199s] Invoked command in '/home/hehe/Documents/GitHub/swarm_robots/simulation_ws/src/build/robot_navigation' returned '0': CMAKE_PREFIX_PATH=${CMAKE_PREFIX_PATH}:/home/hehe/Documents/GitHub/swarm_robots/simulation_ws/src/install/nav2_project:/opt/ros/humble /usr/bin/cmake --install /home/hehe/Documents/GitHub/swarm_robots/simulation_ws/src/build/robot_navigation
