[0.929s] DEBUG:colcon:Command line arguments: ['/usr/bin/colcon', 'build', '--packages-select', 'control']
[0.929s] DEBUG:colcon:Parsed command line arguments: Namespace(log_base=None, log_level=None, verb_name='build', build_base='build', install_base='install', merge_install=False, symlink_install=False, test_result_base=None, continue_on_error=False, executor='parallel', parallel_workers=4, event_handlers=None, ignore_user_meta=False, metas=['./colcon.meta'], base_paths=['.'], packages_ignore=None, packages_ignore_regex=None, paths=None, packages_up_to=None, packages_up_to_regex=None, packages_above=None, packages_above_and_dependencies=None, packages_above_depth=None, packages_select_by_dep=None, packages_skip_by_dep=None, packages_skip_up_to=None, packages_select_build_failed=False, packages_skip_build_finished=False, packages_select_test_failures=False, packages_skip_test_passed=False, packages_select=['control'], packages_skip=None, packages_select_regex=None, packages_skip_regex=None, packages_start=None, packages_end=None, allow_overriding=[], cmake_args=None, cmake_target=None, cmake_target_skip_unavailable=False, cmake_clean_cache=False, cmake_clean_first=False, cmake_force_configure=False, ament_cmake_args=None, catkin_cmake_args=None, catkin_skip_building_tests=False, mixin_files=None, mixin=None, verb_parser=<colcon_mixin.mixin.mixin_argument.MixinArgumentDecorator object at 0xffffb8d12020>, verb_extension=<colcon_core.verb.build.BuildVerb object at 0xffffb8edafb0>, main=<bound method BuildVerb.main of <colcon_core.verb.build.BuildVerb object at 0xffffb8edafb0>>, mixin_verb=('build',))
[2.483s] Level 1:colcon.colcon_core.package_discovery:discover_packages(colcon_meta) check parameters
[2.484s] Level 1:colcon.colcon_core.package_discovery:discover_packages(recursive) check parameters
[2.484s] Level 1:colcon.colcon_core.package_discovery:discover_packages(ignore) check parameters
[2.484s] Level 1:colcon.colcon_core.package_discovery:discover_packages(path) check parameters
[2.484s] Level 1:colcon.colcon_core.package_discovery:discover_packages(colcon_meta) discover
[2.484s] Level 1:colcon.colcon_core.package_discovery:discover_packages(recursive) discover
[2.485s] INFO:colcon.colcon_core.package_discovery:Crawling recursively for packages in '/home/rasp4/swarm_robots/algorithm/src/control'
[2.485s] Level 1:colcon.colcon_core.package_identification:_identify(.) by extensions ['ignore', 'ignore_ament_install']
[2.486s] Level 1:colcon.colcon_core.package_identification:_identify(.) by extension 'ignore'
[2.489s] Level 1:colcon.colcon_core.package_identification:_identify(.) by extension 'ignore_ament_install'
[2.490s] Level 1:colcon.colcon_core.package_identification:_identify(.) by extensions ['colcon_pkg']
[2.491s] Level 1:colcon.colcon_core.package_identification:_identify(.) by extension 'colcon_pkg'
[2.493s] Level 1:colcon.colcon_core.package_identification:_identify(.) by extensions ['colcon_meta']
[2.493s] Level 1:colcon.colcon_core.package_identification:_identify(.) by extension 'colcon_meta'
[2.493s] Level 1:colcon.colcon_core.package_identification:_identify(.) by extensions ['ros']
[2.493s] Level 1:colcon.colcon_core.package_identification:_identify(.) by extension 'ros'
[2.584s] DEBUG:colcon.colcon_core.package_identification:Package '.' with type 'ros.ament_python' and name 'control'
[2.585s] Level 1:colcon.colcon_core.package_discovery:discover_packages(recursive) using defaults
[2.585s] Level 1:colcon.colcon_core.package_discovery:discover_packages(ignore) discover
[2.585s] Level 1:colcon.colcon_core.package_discovery:discover_packages(ignore) using defaults
[2.586s] Level 1:colcon.colcon_core.package_discovery:discover_packages(path) discover
[2.586s] Level 1:colcon.colcon_core.package_discovery:discover_packages(path) using defaults
[2.796s] Level 1:colcon.colcon_core.package_discovery:discover_packages(prefix_path) check parameters
[2.796s] Level 1:colcon.colcon_core.package_discovery:discover_packages(prefix_path) discover
[2.821s] DEBUG:colcon.colcon_installed_package_information.package_discovery:Found 360 installed packages in /opt/ros/humble
[2.831s] Level 1:colcon.colcon_core.package_discovery:discover_packages(prefix_path) using defaults
[3.210s] Level 5:colcon.colcon_core.verb:set package 'control' build argument 'cmake_args' from command line to 'None'
[3.211s] Level 5:colcon.colcon_core.verb:set package 'control' build argument 'cmake_target' from command line to 'None'
[3.211s] Level 5:colcon.colcon_core.verb:set package 'control' build argument 'cmake_target_skip_unavailable' from command line to 'False'
[3.211s] Level 5:colcon.colcon_core.verb:set package 'control' build argument 'cmake_clean_cache' from command line to 'False'
[3.211s] Level 5:colcon.colcon_core.verb:set package 'control' build argument 'cmake_clean_first' from command line to 'False'
[3.211s] Level 5:colcon.colcon_core.verb:set package 'control' build argument 'cmake_force_configure' from command line to 'False'
[3.211s] Level 5:colcon.colcon_core.verb:set package 'control' build argument 'ament_cmake_args' from command line to 'None'
[3.212s] Level 5:colcon.colcon_core.verb:set package 'control' build argument 'catkin_cmake_args' from command line to 'None'
[3.212s] Level 5:colcon.colcon_core.verb:set package 'control' build argument 'catkin_skip_building_tests' from command line to 'False'
[3.212s] DEBUG:colcon.colcon_core.verb:Building package 'control' with the following arguments: {'ament_cmake_args': None, 'build_base': '/home/rasp4/swarm_robots/algorithm/src/control/build/control', 'catkin_cmake_args': None, 'catkin_skip_building_tests': False, 'cmake_args': None, 'cmake_clean_cache': False, 'cmake_clean_first': False, 'cmake_force_configure': False, 'cmake_target': None, 'cmake_target_skip_unavailable': False, 'install_base': '/home/rasp4/swarm_robots/algorithm/src/control/install/control', 'merge_install': False, 'path': '/home/rasp4/swarm_robots/algorithm/src/control', 'symlink_install': False, 'test_result_base': None}
[3.213s] INFO:colcon.colcon_core.executor:Executing jobs using 'parallel' executor
[3.216s] DEBUG:colcon.colcon_parallel_executor.executor.parallel:run_until_complete
[3.218s] INFO:colcon.colcon_ros.task.ament_python.build:Building ROS package in '/home/rasp4/swarm_robots/algorithm/src/control' with build type 'ament_python'
[3.219s] Level 1:colcon.colcon_core.shell:create_environment_hook('control', 'ament_prefix_path')
[3.242s] INFO:colcon.colcon_core.plugin_system:Skipping extension 'colcon_core.shell.bat': Not used on non-Windows systems
[3.244s] INFO:colcon.colcon_core.shell:Creating environment hook '/home/rasp4/swarm_robots/algorithm/src/control/install/control/share/control/hook/ament_prefix_path.ps1'
[3.248s] INFO:colcon.colcon_core.shell:Creating environment descriptor '/home/rasp4/swarm_robots/algorithm/src/control/install/control/share/control/hook/ament_prefix_path.dsv'
[3.250s] INFO:colcon.colcon_core.shell:Creating environment hook '/home/rasp4/swarm_robots/algorithm/src/control/install/control/share/control/hook/ament_prefix_path.sh'
[3.256s] INFO:colcon.colcon_core.shell:Skip shell extension 'powershell' for command environment: Not usable outside of PowerShell
[3.257s] DEBUG:colcon.colcon_core.shell:Skip shell extension 'dsv' for command environment
[5.831s] INFO:colcon.colcon_core.task.python.build:Building Python package in '/home/rasp4/swarm_robots/algorithm/src/control'
[5.832s] INFO:colcon.colcon_core.shell:Skip shell extension 'powershell' for command environment: Not usable outside of PowerShell
[5.833s] DEBUG:colcon.colcon_core.shell:Skip shell extension 'dsv' for command environment
[13.026s] DEBUG:colcon.colcon_core.event_handler.log_command:Invoking command in '/home/rasp4/swarm_robots/algorithm/src/control': PYTHONPATH=/home/rasp4/swarm_robots/algorithm/src/control/build/control/prefix_override:/usr/lib/python3/dist-packages/colcon_core/task/python/colcon_distutils_commands:/home/rasp4/swarm_robots/algorithm/src/control/install/control/lib/python3.10/site-packages:${PYTHONPATH} /usr/bin/python3 -W ignore:setup.py install is deprecated -W ignore:easy_install command is deprecated setup.py egg_info --egg-base build/control build --build-base /home/rasp4/swarm_robots/algorithm/src/control/build/control/build install --record /home/rasp4/swarm_robots/algorithm/src/control/build/control/install.log --install-scripts $base/lib/control --single-version-externally-managed install_data
[19.183s] DEBUG:colcon.colcon_core.event_handler.log_command:Invoked command in '/home/rasp4/swarm_robots/algorithm/src/control' returned '1': PYTHONPATH=/home/rasp4/swarm_robots/algorithm/src/control/build/control/prefix_override:/usr/lib/python3/dist-packages/colcon_core/task/python/colcon_distutils_commands:/home/rasp4/swarm_robots/algorithm/src/control/install/control/lib/python3.10/site-packages:${PYTHONPATH} /usr/bin/python3 -W ignore:setup.py install is deprecated -W ignore:easy_install command is deprecated setup.py egg_info --egg-base build/control build --build-base /home/rasp4/swarm_robots/algorithm/src/control/build/control/build install --record /home/rasp4/swarm_robots/algorithm/src/control/build/control/install.log --install-scripts $base/lib/control --single-version-externally-managed install_data
[19.190s] DEBUG:colcon.colcon_parallel_executor.executor.parallel:closing loop
[19.196s] DEBUG:colcon.colcon_parallel_executor.executor.parallel:loop closed
[19.197s] DEBUG:colcon.colcon_parallel_executor.executor.parallel:run_until_complete finished with '1'
[19.198s] DEBUG:colcon.colcon_core.event_reactor:joining thread
[19.277s] INFO:colcon.colcon_core.plugin_system:Skipping extension 'colcon_notification.desktop_notification.terminal_notifier': Not used on non-Darwin systems
[19.278s] INFO:colcon.colcon_core.plugin_system:Skipping extension 'colcon_notification.desktop_notification.win32': Not used on non-Windows systems
[19.278s] INFO:colcon.colcon_notification.desktop_notification:Sending desktop notification using 'notify2'
[23.378s] DEBUG:colcon.colcon_core.event_reactor:joined thread
[23.386s] INFO:colcon.colcon_core.shell:Creating prefix script '/home/rasp4/swarm_robots/algorithm/src/control/install/local_setup.ps1'
[23.409s] INFO:colcon.colcon_core.shell:Creating prefix util module '/home/rasp4/swarm_robots/algorithm/src/control/install/_local_setup_util_ps1.py'
[23.423s] INFO:colcon.colcon_core.shell:Creating prefix chain script '/home/rasp4/swarm_robots/algorithm/src/control/install/setup.ps1'
[23.450s] INFO:colcon.colcon_core.shell:Creating prefix script '/home/rasp4/swarm_robots/algorithm/src/control/install/local_setup.sh'
[23.462s] INFO:colcon.colcon_core.shell:Creating prefix util module '/home/rasp4/swarm_robots/algorithm/src/control/install/_local_setup_util_sh.py'
[23.478s] INFO:colcon.colcon_core.shell:Creating prefix chain script '/home/rasp4/swarm_robots/algorithm/src/control/install/setup.sh'
[23.497s] INFO:colcon.colcon_core.shell:Creating prefix script '/home/rasp4/swarm_robots/algorithm/src/control/install/local_setup.bash'
[23.507s] INFO:colcon.colcon_core.shell:Creating prefix chain script '/home/rasp4/swarm_robots/algorithm/src/control/install/setup.bash'
[23.523s] INFO:colcon.colcon_core.shell:Creating prefix script '/home/rasp4/swarm_robots/algorithm/src/control/install/local_setup.zsh'
[23.531s] INFO:colcon.colcon_core.shell:Creating prefix chain script '/home/rasp4/swarm_robots/algorithm/src/control/install/setup.zsh'
