[1.029s] Invoking command in '/home/hehe/Documents/GitHub/swarm_robots/simulation_ws/src/ros2_nav_files/nav2_project': PYTHONPATH=/home/hehe/Documents/GitHub/swarm_robots/simulation_ws/src/build/nav2_project/prefix_override:/usr/lib/python3/dist-packages/colcon_core/task/python/colcon_distutils_commands:/home/hehe/Documents/GitHub/swarm_robots/simulation_ws/src/install/nav2_project/lib/python3.10/site-packages:${PYTHONPATH} /usr/bin/python3 -W ignore:setup.py install is deprecated -W ignore:easy_install command is deprecated setup.py egg_info --egg-base ../../build/nav2_project build --build-base /home/hehe/Documents/GitHub/swarm_robots/simulation_ws/src/build/nav2_project/build install --record /home/hehe/Documents/GitHub/swarm_robots/simulation_ws/src/build/nav2_project/install.log --single-version-externally-managed install_data
[1.339s] running egg_info
[1.340s] creating ../../build/nav2_project/nav2_project.egg-info
[1.340s] writing ../../build/nav2_project/nav2_project.egg-info/PKG-INFO
[1.341s] writing dependency_links to ../../build/nav2_project/nav2_project.egg-info/dependency_links.txt
[1.341s] writing entry points to ../../build/nav2_project/nav2_project.egg-info/entry_points.txt
[1.341s] writing requirements to ../../build/nav2_project/nav2_project.egg-info/requires.txt
[1.341s] writing top-level names to ../../build/nav2_project/nav2_project.egg-info/top_level.txt
[1.342s] writing manifest file '../../build/nav2_project/nav2_project.egg-info/SOURCES.txt'
[1.345s] reading manifest file '../../build/nav2_project/nav2_project.egg-info/SOURCES.txt'
[1.346s] writing manifest file '../../build/nav2_project/nav2_project.egg-info/SOURCES.txt'
[1.346s] running build
[1.346s] running build_py
[1.346s] creating /home/hehe/Documents/GitHub/swarm_robots/simulation_ws/src/build/nav2_project/build
[1.347s] creating /home/hehe/Documents/GitHub/swarm_robots/simulation_ws/src/build/nav2_project/build/lib
[1.347s] creating /home/hehe/Documents/GitHub/swarm_robots/simulation_ws/src/build/nav2_project/build/lib/nav2_project
[1.347s] copying nav2_project/__init__.py -> /home/hehe/Documents/GitHub/swarm_robots/simulation_ws/src/build/nav2_project/build/lib/nav2_project
[1.347s] copying nav2_project/spot_recorder.py -> /home/hehe/Documents/GitHub/swarm_robots/simulation_ws/src/build/nav2_project/build/lib/nav2_project
[1.347s] copying nav2_project/go_to_pose.py -> /home/hehe/Documents/GitHub/swarm_robots/simulation_ws/src/build/nav2_project/build/lib/nav2_project
[1.347s] running install
[1.348s] running install_lib
[1.349s] creating /home/hehe/Documents/GitHub/swarm_robots/simulation_ws/src/install/nav2_project/lib/python3.10/site-packages/nav2_project
[1.349s] copying /home/hehe/Documents/GitHub/swarm_robots/simulation_ws/src/build/nav2_project/build/lib/nav2_project/__init__.py -> /home/hehe/Documents/GitHub/swarm_robots/simulation_ws/src/install/nav2_project/lib/python3.10/site-packages/nav2_project
[1.349s] copying /home/hehe/Documents/GitHub/swarm_robots/simulation_ws/src/build/nav2_project/build/lib/nav2_project/spot_recorder.py -> /home/hehe/Documents/GitHub/swarm_robots/simulation_ws/src/install/nav2_project/lib/python3.10/site-packages/nav2_project
[1.349s] copying /home/hehe/Documents/GitHub/swarm_robots/simulation_ws/src/build/nav2_project/build/lib/nav2_project/go_to_pose.py -> /home/hehe/Documents/GitHub/swarm_robots/simulation_ws/src/install/nav2_project/lib/python3.10/site-packages/nav2_project
[1.350s] byte-compiling /home/hehe/Documents/GitHub/swarm_robots/simulation_ws/src/install/nav2_project/lib/python3.10/site-packages/nav2_project/__init__.py to __init__.cpython-310.pyc
[1.350s] byte-compiling /home/hehe/Documents/GitHub/swarm_robots/simulation_ws/src/install/nav2_project/lib/python3.10/site-packages/nav2_project/spot_recorder.py to spot_recorder.cpython-310.pyc
[1.351s] byte-compiling /home/hehe/Documents/GitHub/swarm_robots/simulation_ws/src/install/nav2_project/lib/python3.10/site-packages/nav2_project/go_to_pose.py to go_to_pose.cpython-310.pyc
[1.351s] running install_data
[1.352s] creating /home/hehe/Documents/GitHub/swarm_robots/simulation_ws/src/install/nav2_project/share/ament_index
[1.352s] creating /home/hehe/Documents/GitHub/swarm_robots/simulation_ws/src/install/nav2_project/share/ament_index/resource_index
[1.352s] creating /home/hehe/Documents/GitHub/swarm_robots/simulation_ws/src/install/nav2_project/share/ament_index/resource_index/packages
[1.352s] copying resource/nav2_project -> /home/hehe/Documents/GitHub/swarm_robots/simulation_ws/src/install/nav2_project/share/ament_index/resource_index/packages
[1.352s] copying package.xml -> /home/hehe/Documents/GitHub/swarm_robots/simulation_ws/src/install/nav2_project/share/nav2_project
[1.353s] creating /home/hehe/Documents/GitHub/swarm_robots/simulation_ws/src/install/nav2_project/share/nav2_project/launch
[1.353s] copying launch/project_map_server.launch.py -> /home/hehe/Documents/GitHub/swarm_robots/simulation_ws/src/install/nav2_project/share/nav2_project/launch
[1.353s] copying launch/cartographer.launch.py -> /home/hehe/Documents/GitHub/swarm_robots/simulation_ws/src/install/nav2_project/share/nav2_project/launch
[1.353s] copying launch/nav2_project.launch.py -> /home/hehe/Documents/GitHub/swarm_robots/simulation_ws/src/install/nav2_project/share/nav2_project/launch
[1.353s] copying launch/project_navigation_with_tools_launch.py -> /home/hehe/Documents/GitHub/swarm_robots/simulation_ws/src/install/nav2_project/share/nav2_project/launch
[1.353s] copying launch/go_to_pose.launch.py -> /home/hehe/Documents/GitHub/swarm_robots/simulation_ws/src/install/nav2_project/share/nav2_project/launch
[1.353s] creating /home/hehe/Documents/GitHub/swarm_robots/simulation_ws/src/install/nav2_project/share/nav2_project/config
[1.353s] copying config/project_params.yaml -> /home/hehe/Documents/GitHub/swarm_robots/simulation_ws/src/install/nav2_project/share/nav2_project/config
[1.354s] copying config/turtlebot3_house.yaml -> /home/hehe/Documents/GitHub/swarm_robots/simulation_ws/src/install/nav2_project/share/nav2_project/config
[1.354s] copying config/nav2_project.yaml -> /home/hehe/Documents/GitHub/swarm_robots/simulation_ws/src/install/nav2_project/share/nav2_project/config
[1.354s] copying config/spot-list.yaml -> /home/hehe/Documents/GitHub/swarm_robots/simulation_ws/src/install/nav2_project/share/nav2_project/config
[1.354s] copying config/turtlebot3_house.pgm -> /home/hehe/Documents/GitHub/swarm_robots/simulation_ws/src/install/nav2_project/share/nav2_project/config
[1.355s] copying config/nav2_default_view.rviz -> /home/hehe/Documents/GitHub/swarm_robots/simulation_ws/src/install/nav2_project/share/nav2_project/config
[1.355s] copying config/navigate_w_replanning_and_recovery.xml -> /home/hehe/Documents/GitHub/swarm_robots/simulation_ws/src/install/nav2_project/share/nav2_project/config
[1.355s] copying config/cartographer.lua -> /home/hehe/Documents/GitHub/swarm_robots/simulation_ws/src/install/nav2_project/share/nav2_project/config
[1.356s] running install_egg_info
[1.358s] Copying ../../build/nav2_project/nav2_project.egg-info to /home/hehe/Documents/GitHub/swarm_robots/simulation_ws/src/install/nav2_project/lib/python3.10/site-packages/nav2_project-0.0.0-py3.10.egg-info
[1.359s] running install_scripts
[1.384s] Installing go_to_pose script to /home/hehe/Documents/GitHub/swarm_robots/simulation_ws/src/install/nav2_project/lib/nav2_project
[1.385s] Installing spot_recorder script to /home/hehe/Documents/GitHub/swarm_robots/simulation_ws/src/install/nav2_project/lib/nav2_project
[1.385s] writing list of installed files to '/home/hehe/Documents/GitHub/swarm_robots/simulation_ws/src/build/nav2_project/install.log'
[1.420s] Invoked command in '/home/hehe/Documents/GitHub/swarm_robots/simulation_ws/src/ros2_nav_files/nav2_project' returned '0': PYTHONPATH=/home/hehe/Documents/GitHub/swarm_robots/simulation_ws/src/build/nav2_project/prefix_override:/usr/lib/python3/dist-packages/colcon_core/task/python/colcon_distutils_commands:/home/hehe/Documents/GitHub/swarm_robots/simulation_ws/src/install/nav2_project/lib/python3.10/site-packages:${PYTHONPATH} /usr/bin/python3 -W ignore:setup.py install is deprecated -W ignore:easy_install command is deprecated setup.py egg_info --egg-base ../../build/nav2_project build --build-base /home/hehe/Documents/GitHub/swarm_robots/simulation_ws/src/build/nav2_project/build install --record /home/hehe/Documents/GitHub/swarm_robots/simulation_ws/src/build/nav2_project/install.log --single-version-externally-managed install_data
