[0.013s] Invoking command in '/home/hehe/Documents/GitHub/swarm_robots/simulation_ws/src/build/robot_bringup': AMENT_PREFIX_PATH=/home/hehe/Documents/GitHub/swarm_robots/simulation_ws/src/install/cartographer:${AMENT_PREFIX_PATH} CMAKE_PREFIX_PATH=/home/hehe/Documents/GitHub/swarm_robots/simulation_ws/src/install/cartographer:/home/hehe/Documents/GitHub/swarm_robot/simulation_ws/install/turtlebot3_navigation2:/home/hehe/Documents/GitHub/swarm_robot/simulation_ws/install/navigation:/home/hehe/Documents/GitHub/swarm_robot/simulation_ws/install/tlbot_navigation2:/home/hehe/Documents/GitHub/swarm_robot/simulation_ws/install/robot_bringup:/home/hehe/Documents/GitHub/swarm_robot/simulation_ws/install/cartographer:/opt/ros/humble /usr/bin/cmake /home/hehe/Documents/GitHub/swarm_robots/simulation_ws/src/robot_bringup -DCMAKE_INSTALL_PREFIX=/home/hehe/Documents/GitHub/swarm_robots/simulation_ws/src/install/robot_bringup
[0.096s] -- The C compiler identification is GNU 11.4.0
[0.184s] -- The CXX compiler identification is GNU 11.4.0
[0.197s] -- Detecting C compiler ABI info
[0.293s] -- Detecting C compiler ABI info - done
[0.304s] -- Check for working C compiler: /usr/bin/cc - skipped
[0.304s] -- Detecting C compile features
[0.305s] -- Detecting C compile features - done
[0.310s] -- Detecting CXX compiler ABI info
[0.415s] -- Detecting CXX compiler ABI info - done
[0.428s] -- Check for working CXX compiler: /usr/bin/c++ - skipped
[0.429s] -- Detecting CXX compile features
[0.429s] -- Detecting CXX compile features - done
[0.433s] -- Found ament_cmake: 1.3.11 (/opt/ros/humble/share/ament_cmake/cmake)
[0.625s] -- Found Python3: /usr/bin/python3 (found version "3.10.12") found components: Interpreter 
[0.765s] -- Found ament_lint_auto: 0.12.12 (/opt/ros/humble/share/ament_lint_auto/cmake)
[0.888s] -- Added test 'flake8' to check Python code syntax and style conventions
[0.889s] -- Added test 'lint_cmake' to check CMake code style
[0.890s] -- Added test 'pep257' to check Python code against some of the docstring style conventions in PEP 257
[0.893s] -- Added test 'xmllint' to check XML markup files
[0.895s] -- Configuring done
[0.898s] -- Generating done
[0.900s] -- Build files have been written to: /home/hehe/Documents/GitHub/swarm_robots/simulation_ws/src/build/robot_bringup
[0.906s] Invoked command in '/home/hehe/Documents/GitHub/swarm_robots/simulation_ws/src/build/robot_bringup' returned '0': AMENT_PREFIX_PATH=/home/hehe/Documents/GitHub/swarm_robots/simulation_ws/src/install/cartographer:${AMENT_PREFIX_PATH} CMAKE_PREFIX_PATH=/home/hehe/Documents/GitHub/swarm_robots/simulation_ws/src/install/cartographer:/home/hehe/Documents/GitHub/swarm_robot/simulation_ws/install/turtlebot3_navigation2:/home/hehe/Documents/GitHub/swarm_robot/simulation_ws/install/navigation:/home/hehe/Documents/GitHub/swarm_robot/simulation_ws/install/tlbot_navigation2:/home/hehe/Documents/GitHub/swarm_robot/simulation_ws/install/robot_bringup:/home/hehe/Documents/GitHub/swarm_robot/simulation_ws/install/cartographer:/opt/ros/humble /usr/bin/cmake /home/hehe/Documents/GitHub/swarm_robots/simulation_ws/src/robot_bringup -DCMAKE_INSTALL_PREFIX=/home/hehe/Documents/GitHub/swarm_robots/simulation_ws/src/install/robot_bringup
[0.908s] Invoking command in '/home/hehe/Documents/GitHub/swarm_robots/simulation_ws/src/build/robot_bringup': AMENT_PREFIX_PATH=/home/hehe/Documents/GitHub/swarm_robots/simulation_ws/src/install/cartographer:${AMENT_PREFIX_PATH} CMAKE_PREFIX_PATH=/home/hehe/Documents/GitHub/swarm_robots/simulation_ws/src/install/cartographer:/home/hehe/Documents/GitHub/swarm_robot/simulation_ws/install/turtlebot3_navigation2:/home/hehe/Documents/GitHub/swarm_robot/simulation_ws/install/navigation:/home/hehe/Documents/GitHub/swarm_robot/simulation_ws/install/tlbot_navigation2:/home/hehe/Documents/GitHub/swarm_robot/simulation_ws/install/robot_bringup:/home/hehe/Documents/GitHub/swarm_robot/simulation_ws/install/cartographer:/opt/ros/humble /usr/bin/cmake --build /home/hehe/Documents/GitHub/swarm_robots/simulation_ws/src/build/robot_bringup -- -j6 -l6
[0.959s] Invoked command in '/home/hehe/Documents/GitHub/swarm_robots/simulation_ws/src/build/robot_bringup' returned '0': AMENT_PREFIX_PATH=/home/hehe/Documents/GitHub/swarm_robots/simulation_ws/src/install/cartographer:${AMENT_PREFIX_PATH} CMAKE_PREFIX_PATH=/home/hehe/Documents/GitHub/swarm_robots/simulation_ws/src/install/cartographer:/home/hehe/Documents/GitHub/swarm_robot/simulation_ws/install/turtlebot3_navigation2:/home/hehe/Documents/GitHub/swarm_robot/simulation_ws/install/navigation:/home/hehe/Documents/GitHub/swarm_robot/simulation_ws/install/tlbot_navigation2:/home/hehe/Documents/GitHub/swarm_robot/simulation_ws/install/robot_bringup:/home/hehe/Documents/GitHub/swarm_robot/simulation_ws/install/cartographer:/opt/ros/humble /usr/bin/cmake --build /home/hehe/Documents/GitHub/swarm_robots/simulation_ws/src/build/robot_bringup -- -j6 -l6
[0.961s] Invoking command in '/home/hehe/Documents/GitHub/swarm_robots/simulation_ws/src/build/robot_bringup': AMENT_PREFIX_PATH=/home/hehe/Documents/GitHub/swarm_robots/simulation_ws/src/install/cartographer:${AMENT_PREFIX_PATH} CMAKE_PREFIX_PATH=/home/hehe/Documents/GitHub/swarm_robots/simulation_ws/src/install/cartographer:/home/hehe/Documents/GitHub/swarm_robot/simulation_ws/install/turtlebot3_navigation2:/home/hehe/Documents/GitHub/swarm_robot/simulation_ws/install/navigation:/home/hehe/Documents/GitHub/swarm_robot/simulation_ws/install/tlbot_navigation2:/home/hehe/Documents/GitHub/swarm_robot/simulation_ws/install/robot_bringup:/home/hehe/Documents/GitHub/swarm_robot/simulation_ws/install/cartographer:/opt/ros/humble /usr/bin/cmake --install /home/hehe/Documents/GitHub/swarm_robots/simulation_ws/src/build/robot_bringup
[0.970s] -- Install configuration: ""
[0.970s] -- Installing: /home/hehe/Documents/GitHub/swarm_robots/simulation_ws/src/install/robot_bringup/share/robot_bringup//description
[0.971s] -- Installing: /home/hehe/Documents/GitHub/swarm_robots/simulation_ws/src/install/robot_bringup/share/robot_bringup//description/lidar.xacro
[0.971s] -- Installing: /home/hehe/Documents/GitHub/swarm_robots/simulation_ws/src/install/robot_bringup/share/robot_bringup//description/inertial_macros.xacro
[0.971s] -- Installing: /home/hehe/Documents/GitHub/swarm_robots/simulation_ws/src/install/robot_bringup/share/robot_bringup//description/gazebo_control.xacro
[0.971s] -- Installing: /home/hehe/Documents/GitHub/swarm_robots/simulation_ws/src/install/robot_bringup/share/robot_bringup//description/swarm_bot.urdf
[0.971s] -- Installing: /home/hehe/Documents/GitHub/swarm_robots/simulation_ws/src/install/robot_bringup/share/robot_bringup//description/swarm_bot.xacro
[0.971s] -- Installing: /home/hehe/Documents/GitHub/swarm_robots/simulation_ws/src/install/robot_bringup/share/robot_bringup//launch
[0.971s] -- Installing: /home/hehe/Documents/GitHub/swarm_robots/simulation_ws/src/install/robot_bringup/share/robot_bringup//launch/multi_robots_setup.py
[0.971s] -- Installing: /home/hehe/Documents/GitHub/swarm_robots/simulation_ws/src/install/robot_bringup/share/robot_bringup//launch/tf_broadcaster.py
[0.971s] -- Installing: /home/hehe/Documents/GitHub/swarm_robots/simulation_ws/src/install/robot_bringup/share/robot_bringup//launch/robot_spawn_tf.py
[0.972s] -- Installing: /home/hehe/Documents/GitHub/swarm_robots/simulation_ws/src/install/robot_bringup/share/robot_bringup//launch/robot_spawn_position.py
[0.972s] -- Installing: /home/hehe/Documents/GitHub/swarm_robots/simulation_ws/src/install/robot_bringup/share/robot_bringup//launch/robot_spawn.launch.py
[0.972s] -- Installing: /home/hehe/Documents/GitHub/swarm_robots/simulation_ws/src/install/robot_bringup/share/robot_bringup//launch/multi_robots_spawn.launch.py
[0.972s] -- Installing: /home/hehe/Documents/GitHub/swarm_robots/simulation_ws/src/install/robot_bringup/share/robot_bringup//worlds
[0.972s] -- Installing: /home/hehe/Documents/GitHub/swarm_robots/simulation_ws/src/install/robot_bringup/share/robot_bringup//worlds/swarm_world.worlds
[0.972s] -- Installing: /home/hehe/Documents/GitHub/swarm_robots/simulation_ws/src/install/robot_bringup/share/robot_bringup//worlds/obstacle.worlds
[0.972s] -- Installing: /home/hehe/Documents/GitHub/swarm_robots/simulation_ws/src/install/robot_bringup/lib/robot_bringup/robot_spawn_position.py
[0.972s] -- Installing: /home/hehe/Documents/GitHub/swarm_robots/simulation_ws/src/install/robot_bringup/lib/robot_bringup/robot_spawn_tf.py
[0.972s] -- Installing: /home/hehe/Documents/GitHub/swarm_robots/simulation_ws/src/install/robot_bringup/share/ament_index/resource_index/package_run_dependencies/robot_bringup
[0.973s] -- Installing: /home/hehe/Documents/GitHub/swarm_robots/simulation_ws/src/install/robot_bringup/share/ament_index/resource_index/parent_prefix_path/robot_bringup
[0.973s] -- Installing: /home/hehe/Documents/GitHub/swarm_robots/simulation_ws/src/install/robot_bringup/share/robot_bringup/environment/ament_prefix_path.sh
[0.973s] -- Installing: /home/hehe/Documents/GitHub/swarm_robots/simulation_ws/src/install/robot_bringup/share/robot_bringup/environment/ament_prefix_path.dsv
[0.973s] -- Installing: /home/hehe/Documents/GitHub/swarm_robots/simulation_ws/src/install/robot_bringup/share/robot_bringup/environment/path.sh
[0.974s] -- Installing: /home/hehe/Documents/GitHub/swarm_robots/simulation_ws/src/install/robot_bringup/share/robot_bringup/environment/path.dsv
[0.974s] -- Installing: /home/hehe/Documents/GitHub/swarm_robots/simulation_ws/src/install/robot_bringup/share/robot_bringup/local_setup.bash
[0.974s] -- Installing: /home/hehe/Documents/GitHub/swarm_robots/simulation_ws/src/install/robot_bringup/share/robot_bringup/local_setup.sh
[0.974s] -- Installing: /home/hehe/Documents/GitHub/swarm_robots/simulation_ws/src/install/robot_bringup/share/robot_bringup/local_setup.zsh
[0.974s] -- Installing: /home/hehe/Documents/GitHub/swarm_robots/simulation_ws/src/install/robot_bringup/share/robot_bringup/local_setup.dsv
[0.974s] -- Installing: /home/hehe/Documents/GitHub/swarm_robots/simulation_ws/src/install/robot_bringup/share/robot_bringup/package.dsv
[0.974s] -- Installing: /home/hehe/Documents/GitHub/swarm_robots/simulation_ws/src/install/robot_bringup/share/ament_index/resource_index/packages/robot_bringup
[0.974s] -- Installing: /home/hehe/Documents/GitHub/swarm_robots/simulation_ws/src/install/robot_bringup/share/robot_bringup/cmake/robot_bringupConfig.cmake
[0.975s] -- Installing: /home/hehe/Documents/GitHub/swarm_robots/simulation_ws/src/install/robot_bringup/share/robot_bringup/cmake/robot_bringupConfig-version.cmake
[0.975s] -- Installing: /home/hehe/Documents/GitHub/swarm_robots/simulation_ws/src/install/robot_bringup/share/robot_bringup/package.xml
[0.977s] Invoked command in '/home/hehe/Documents/GitHub/swarm_robots/simulation_ws/src/build/robot_bringup' returned '0': AMENT_PREFIX_PATH=/home/hehe/Documents/GitHub/swarm_robots/simulation_ws/src/install/cartographer:${AMENT_PREFIX_PATH} CMAKE_PREFIX_PATH=/home/hehe/Documents/GitHub/swarm_robots/simulation_ws/src/install/cartographer:/home/hehe/Documents/GitHub/swarm_robot/simulation_ws/install/turtlebot3_navigation2:/home/hehe/Documents/GitHub/swarm_robot/simulation_ws/install/navigation:/home/hehe/Documents/GitHub/swarm_robot/simulation_ws/install/tlbot_navigation2:/home/hehe/Documents/GitHub/swarm_robot/simulation_ws/install/robot_bringup:/home/hehe/Documents/GitHub/swarm_robot/simulation_ws/install/cartographer:/opt/ros/humble /usr/bin/cmake --install /home/hehe/Documents/GitHub/swarm_robots/simulation_ws/src/build/robot_bringup
