[0.030s] Invoking command in '/home/thaoton1910/swarm_robots/robot_ws/build/turtlebot3_multi_robot': CMAKE_PREFIX_PATH=${CMAKE_PREFIX_PATH}:/home/thaoton1910/swarm_robots/algorithm/install/slave:/home/thaoton1910/swarm_robots/algorithm/install/master:/opt/ros/humble /usr/bin/cmake --build /home/thaoton1910/swarm_robots/robot_ws/build/turtlebot3_multi_robot -- -j8 -l8
[0.110s] Invoked command in '/home/thaoton1910/swarm_robots/robot_ws/build/turtlebot3_multi_robot' returned '0': CMAKE_PREFIX_PATH=${CMAKE_PREFIX_PATH}:/home/thaoton1910/swarm_robots/algorithm/install/slave:/home/thaoton1910/swarm_robots/algorithm/install/master:/opt/ros/humble /usr/bin/cmake --build /home/thaoton1910/swarm_robots/robot_ws/build/turtlebot3_multi_robot -- -j8 -l8
[0.136s] Invoking command in '/home/thaoton1910/swarm_robots/robot_ws/build/turtlebot3_multi_robot': CMAKE_PREFIX_PATH=${CMAKE_PREFIX_PATH}:/home/thaoton1910/swarm_robots/algorithm/install/slave:/home/thaoton1910/swarm_robots/algorithm/install/master:/opt/ros/humble /usr/bin/cmake --install /home/thaoton1910/swarm_robots/robot_ws/build/turtlebot3_multi_robot
[0.152s] -- Install configuration: ""
[0.153s] -- Execute custom install script
[0.154s] -- Up-to-date symlink: /home/thaoton1910/swarm_robots/robot_ws/install/turtlebot3_multi_robot/share/turtlebot3_multi_robot//launch/gazebo_multi_nav2_world.launch.py
[0.155s] -- Up-to-date symlink: /home/thaoton1910/swarm_robots/robot_ws/install/turtlebot3_multi_robot/share/turtlebot3_multi_robot//launch/gazebo_multi_world.launch.py
[0.155s] -- Up-to-date symlink: /home/thaoton1910/swarm_robots/robot_ws/install/turtlebot3_multi_robot/share/turtlebot3_multi_robot//launch/nav2_bringup/bringup_launch.py
[0.155s] -- Up-to-date symlink: /home/thaoton1910/swarm_robots/robot_ws/install/turtlebot3_multi_robot/share/turtlebot3_multi_robot//launch/nav2_bringup/localization_launch.py
[0.155s] -- Up-to-date symlink: /home/thaoton1910/swarm_robots/robot_ws/install/turtlebot3_multi_robot/share/turtlebot3_multi_robot//launch/nav2_bringup/navigation_launch.py
[0.155s] -- Up-to-date symlink: /home/thaoton1910/swarm_robots/robot_ws/install/turtlebot3_multi_robot/share/turtlebot3_multi_robot//launch/nav2_bringup/rviz_launch.py
[0.155s] -- Up-to-date symlink: /home/thaoton1910/swarm_robots/robot_ws/install/turtlebot3_multi_robot/share/turtlebot3_multi_robot//launch/nav2_bringup/slam_launch.py
[0.156s] -- Up-to-date symlink: /home/thaoton1910/swarm_robots/robot_ws/install/turtlebot3_multi_robot/share/turtlebot3_multi_robot//models/turtlebot3_burger/meshes/burger_base.dae
[0.156s] -- Up-to-date symlink: /home/thaoton1910/swarm_robots/robot_ws/install/turtlebot3_multi_robot/share/turtlebot3_multi_robot//models/turtlebot3_burger/meshes/lds.dae
[0.156s] -- Up-to-date symlink: /home/thaoton1910/swarm_robots/robot_ws/install/turtlebot3_multi_robot/share/turtlebot3_multi_robot//models/turtlebot3_burger/meshes/tire.dae
[0.156s] -- Up-to-date symlink: /home/thaoton1910/swarm_robots/robot_ws/install/turtlebot3_multi_robot/share/turtlebot3_multi_robot//models/turtlebot3_burger/model-1_4.sdf
[0.156s] -- Up-to-date symlink: /home/thaoton1910/swarm_robots/robot_ws/install/turtlebot3_multi_robot/share/turtlebot3_multi_robot//models/turtlebot3_burger/model.config
[0.157s] -- Up-to-date symlink: /home/thaoton1910/swarm_robots/robot_ws/install/turtlebot3_multi_robot/share/turtlebot3_multi_robot//models/turtlebot3_burger/model.sdf
[0.157s] -- Up-to-date symlink: /home/thaoton1910/swarm_robots/robot_ws/install/turtlebot3_multi_robot/share/turtlebot3_multi_robot//models/turtlebot3_waffle/meshes/lds.dae
[0.157s] -- Up-to-date symlink: /home/thaoton1910/swarm_robots/robot_ws/install/turtlebot3_multi_robot/share/turtlebot3_multi_robot//models/turtlebot3_waffle/meshes/r200.dae
[0.158s] -- Up-to-date symlink: /home/thaoton1910/swarm_robots/robot_ws/install/turtlebot3_multi_robot/share/turtlebot3_multi_robot//models/turtlebot3_waffle/meshes/tire.dae
[0.158s] -- Up-to-date symlink: /home/thaoton1910/swarm_robots/robot_ws/install/turtlebot3_multi_robot/share/turtlebot3_multi_robot//models/turtlebot3_waffle/meshes/waffle_base.dae
[0.159s] -- Up-to-date symlink: /home/thaoton1910/swarm_robots/robot_ws/install/turtlebot3_multi_robot/share/turtlebot3_multi_robot//models/turtlebot3_waffle/model-1_4.sdf
[0.159s] -- Up-to-date symlink: /home/thaoton1910/swarm_robots/robot_ws/install/turtlebot3_multi_robot/share/turtlebot3_multi_robot//models/turtlebot3_waffle/model.config
[0.159s] -- Up-to-date symlink: /home/thaoton1910/swarm_robots/robot_ws/install/turtlebot3_multi_robot/share/turtlebot3_multi_robot//models/turtlebot3_waffle/model.sdf
[0.160s] -- Up-to-date symlink: /home/thaoton1910/swarm_robots/robot_ws/install/turtlebot3_multi_robot/share/turtlebot3_multi_robot//models/turtlebot3_waffle/model_nocamera.sdf
[0.160s] -- Up-to-date symlink: /home/thaoton1910/swarm_robots/robot_ws/install/turtlebot3_multi_robot/share/turtlebot3_multi_robot//rviz/multi_nav2_default_view.rviz
[0.160s] -- Up-to-date symlink: /home/thaoton1910/swarm_robots/robot_ws/install/turtlebot3_multi_robot/share/turtlebot3_multi_robot//rviz/nav2_default_view.rviz
[0.160s] -- Up-to-date symlink: /home/thaoton1910/swarm_robots/robot_ws/install/turtlebot3_multi_robot/share/turtlebot3_multi_robot//urdf/common_properties.urdf
[0.160s] -- Up-to-date symlink: /home/thaoton1910/swarm_robots/robot_ws/install/turtlebot3_multi_robot/share/turtlebot3_multi_robot//urdf/turtlebot3_burger.urdf
[0.161s] -- Up-to-date symlink: /home/thaoton1910/swarm_robots/robot_ws/install/turtlebot3_multi_robot/share/turtlebot3_multi_robot//urdf/turtlebot3_waffle.urdf
[0.163s] -- Up-to-date symlink: /home/thaoton1910/swarm_robots/robot_ws/install/turtlebot3_multi_robot/share/turtlebot3_multi_robot//worlds/multi_empty_world.world
[0.163s] -- Up-to-date symlink: /home/thaoton1910/swarm_robots/robot_ws/install/turtlebot3_multi_robot/share/turtlebot3_multi_robot//worlds/multi_robot.world 
[0.163s] -- Up-to-date symlink: /home/thaoton1910/swarm_robots/robot_ws/install/turtlebot3_multi_robot/share/turtlebot3_multi_robot//worlds/multi_robot_world.world
[0.163s] -- Up-to-date symlink: /home/thaoton1910/swarm_robots/robot_ws/install/turtlebot3_multi_robot/share/turtlebot3_multi_robot//worlds/swarm_world.world
[0.163s] -- Up-to-date symlink: /home/thaoton1910/swarm_robots/robot_ws/install/turtlebot3_multi_robot/share/turtlebot3_multi_robot//params/nav2_params.yaml
[0.164s] -- Up-to-date symlink: /home/thaoton1910/swarm_robots/robot_ws/install/turtlebot3_multi_robot/share/turtlebot3_multi_robot/environment/multi_robot.dsv
[0.164s] -- Up-to-date symlink: /home/thaoton1910/swarm_robots/robot_ws/install/turtlebot3_multi_robot/share/ament_index/resource_index/package_run_dependencies/turtlebot3_multi_robot
[0.164s] -- Up-to-date symlink: /home/thaoton1910/swarm_robots/robot_ws/install/turtlebot3_multi_robot/share/ament_index/resource_index/parent_prefix_path/turtlebot3_multi_robot
[0.164s] -- Up-to-date symlink: /home/thaoton1910/swarm_robots/robot_ws/install/turtlebot3_multi_robot/share/turtlebot3_multi_robot/environment/ament_prefix_path.sh
[0.164s] -- Up-to-date symlink: /home/thaoton1910/swarm_robots/robot_ws/install/turtlebot3_multi_robot/share/turtlebot3_multi_robot/environment/ament_prefix_path.dsv
[0.164s] -- Up-to-date symlink: /home/thaoton1910/swarm_robots/robot_ws/install/turtlebot3_multi_robot/share/turtlebot3_multi_robot/environment/path.sh
[0.164s] -- Up-to-date symlink: /home/thaoton1910/swarm_robots/robot_ws/install/turtlebot3_multi_robot/share/turtlebot3_multi_robot/environment/path.dsv
[0.165s] -- Up-to-date symlink: /home/thaoton1910/swarm_robots/robot_ws/install/turtlebot3_multi_robot/share/turtlebot3_multi_robot/local_setup.bash
[0.165s] -- Up-to-date symlink: /home/thaoton1910/swarm_robots/robot_ws/install/turtlebot3_multi_robot/share/turtlebot3_multi_robot/local_setup.sh
[0.165s] -- Up-to-date symlink: /home/thaoton1910/swarm_robots/robot_ws/install/turtlebot3_multi_robot/share/turtlebot3_multi_robot/local_setup.zsh
[0.165s] -- Up-to-date symlink: /home/thaoton1910/swarm_robots/robot_ws/install/turtlebot3_multi_robot/share/turtlebot3_multi_robot/local_setup.dsv
[0.165s] -- Symlinking: /home/thaoton1910/swarm_robots/robot_ws/install/turtlebot3_multi_robot/share/turtlebot3_multi_robot/package.dsv
[0.186s] -- Up-to-date symlink: /home/thaoton1910/swarm_robots/robot_ws/install/turtlebot3_multi_robot/share/ament_index/resource_index/packages/turtlebot3_multi_robot
[0.186s] -- Up-to-date symlink: /home/thaoton1910/swarm_robots/robot_ws/install/turtlebot3_multi_robot/share/turtlebot3_multi_robot/cmake/turtlebot3_multi_robotConfig.cmake
[0.186s] -- Up-to-date symlink: /home/thaoton1910/swarm_robots/robot_ws/install/turtlebot3_multi_robot/share/turtlebot3_multi_robot/cmake/turtlebot3_multi_robotConfig-version.cmake
[0.186s] -- Up-to-date symlink: /home/thaoton1910/swarm_robots/robot_ws/install/turtlebot3_multi_robot/share/turtlebot3_multi_robot/package.xml
[0.190s] Invoked command in '/home/thaoton1910/swarm_robots/robot_ws/build/turtlebot3_multi_robot' returned '0': CMAKE_PREFIX_PATH=${CMAKE_PREFIX_PATH}:/home/thaoton1910/swarm_robots/algorithm/install/slave:/home/thaoton1910/swarm_robots/algorithm/install/master:/opt/ros/humble /usr/bin/cmake --install /home/thaoton1910/swarm_robots/robot_ws/build/turtlebot3_multi_robot
